2020-06-16 17:20:44	INFO	casa::::	---
2020-06-16 17:20:44	INFO	casa::::	CASA Version 4.5.2-REL (r36115)
2020-06-16 17:20:44	INFO	casa::::	  Tagged on: 2016-02-09 17:39:09 -0500 (Tue, 09 Feb 2016)
2020-06-16 17:44:15	INFO	line-stacker::::	##########################################
2020-06-16 17:44:15	INFO	line-stacker::::	##### Begin Task: Line-Stacker       #####
2020-06-16 17:44:15	INFO	ImageAnalysis::_summary	
2020-06-16 17:44:15	INFO	ImageAnalysis::_summary+	Image name       : extendedExampleCube_20175.image
2020-06-16 17:44:15	INFO	ImageAnalysis::_summary+	Object name      : extendedExampleCube_20175.alma.cycle6.2_0
2020-06-16 17:44:15	INFO	ImageAnalysis::_summary+	Image type       : PagedImage
2020-06-16 17:44:15	INFO	ImageAnalysis::_summary+	Image quantity   : Intensity
2020-06-16 17:44:15	INFO	ImageAnalysis::_summary+	Pixel mask(s)    : mask0
2020-06-16 17:44:15	INFO	ImageAnalysis::_summary+	Region(s)        : None
2020-06-16 17:44:15	INFO	ImageAnalysis::_summary+	Image units      : Jy/beam
2020-06-16 17:44:15	INFO	ImageAnalysis::_summary+	Restoring Beam   : 1.1653 arcsec, 0.967063 arcsec, -88.1643 deg
2020-06-16 17:44:15	INFO	ImageAnalysis::_summary	
2020-06-16 17:44:15	INFO	ImageAnalysis::_summary+	Direction reference : J2000
2020-06-16 17:44:15	INFO	ImageAnalysis::_summary+	Spectral  reference : LSRK
2020-06-16 17:44:15	INFO	ImageAnalysis::_summary+	Velocity  type      : RADIO
2020-06-16 17:44:15	INFO	ImageAnalysis::_summary+	Rest frequency      : 2.73291e+11 Hz
2020-06-16 17:44:15	INFO	ImageAnalysis::_summary+	Pointing center     :  03:30:59.150248  -27.41.01.946967
2020-06-16 17:44:15	INFO	ImageAnalysis::_summary+	Telescope           : ALMA
2020-06-16 17:44:15	INFO	ImageAnalysis::_summary+	Observer            : CASA simulator
2020-06-16 17:44:15	INFO	ImageAnalysis::_summary+	Date observation    : 2014/01/01/01:11:00
2020-06-16 17:44:15	INFO	ImageAnalysis::_summary+	Telescope position: [2.22514e+06m, -5.44031e+06m, -2.48103e+06m] (ITRF)
2020-06-16 17:44:15	INFO	ImageAnalysis::_summary+	
2020-06-16 17:44:15	INFO	ImageAnalysis::_summary+	Axis Coord Type      Name             Proj Shape Tile   Coord value at pixel        Coord incr Units
2020-06-16 17:44:15	INFO	ImageAnalysis::_summary+	---------------------------------------------------------------------------------------------------- 
2020-06-16 17:44:15	INFO	ImageAnalysis::_summary+	0    0     Direction Right Ascension   SIN    24   24  03:30:59.150    12.00     -2.500000e-01 arcsec
2020-06-16 17:44:15	INFO	ImageAnalysis::_summary+	1    0     Direction Declination       SIN    24   24 -27.41.01.947    12.00      2.500000e-01 arcsec
2020-06-16 17:44:15	INFO	ImageAnalysis::_summary+	2    1     Stokes    Stokes                    1    1             I
2020-06-16 17:44:15	INFO	ImageAnalysis::_summary+	3    2     Spectral  Frequency               147  147   2.77286e+11     0.00 -2.7348067399e+07 Hz
2020-06-16 17:44:15	INFO	ImageAnalysis::_summary+	                     Velocity                              -4382.02     0.00      3.000000e+01 km/s
2020-06-16 17:44:15	INFO	ImageAnalysis::_summary	
2020-06-16 17:44:15	INFO	ImageAnalysis::_summary+	Image name       : extendedExampleCube_20175.image
2020-06-16 17:44:15	INFO	ImageAnalysis::_summary+	Object name      : extendedExampleCube_20175.alma.cycle6.2_0
2020-06-16 17:44:15	INFO	ImageAnalysis::_summary+	Image type       : PagedImage
2020-06-16 17:44:15	INFO	ImageAnalysis::_summary+	Image quantity   : Intensity
2020-06-16 17:44:15	INFO	ImageAnalysis::_summary+	Pixel mask(s)    : mask0
2020-06-16 17:44:15	INFO	ImageAnalysis::_summary+	Region(s)        : None
2020-06-16 17:44:15	INFO	ImageAnalysis::_summary+	Image units      : Jy/beam
2020-06-16 17:44:15	INFO	ImageAnalysis::_summary+	Restoring Beam   : 1.1653 arcsec, 0.967063 arcsec, -88.1643 deg
2020-06-16 17:44:15	INFO	ImageAnalysis::_summary	
2020-06-16 17:44:15	INFO	ImageAnalysis::_summary+	Direction reference : J2000
2020-06-16 17:44:15	INFO	ImageAnalysis::_summary+	Spectral  reference : LSRK
2020-06-16 17:44:15	INFO	ImageAnalysis::_summary+	Velocity  type      : RADIO
2020-06-16 17:44:15	INFO	ImageAnalysis::_summary+	Rest frequency      : 2.73291e+11 Hz
2020-06-16 17:44:15	INFO	ImageAnalysis::_summary+	Pointing center     :  03:30:59.150248  -27.41.01.946967
2020-06-16 17:44:15	INFO	ImageAnalysis::_summary+	Telescope           : ALMA
2020-06-16 17:44:15	INFO	ImageAnalysis::_summary+	Observer            : CASA simulator
2020-06-16 17:44:15	INFO	ImageAnalysis::_summary+	Date observation    : 2014/01/01/01:11:00
2020-06-16 17:44:15	INFO	ImageAnalysis::_summary+	Telescope position: [2.22514e+06m, -5.44031e+06m, -2.48103e+06m] (ITRF)
2020-06-16 17:44:15	INFO	ImageAnalysis::_summary+	
2020-06-16 17:44:15	INFO	ImageAnalysis::_summary+	Axis Coord Type      Name             Proj Shape Tile   Coord value at pixel        Coord incr Units
2020-06-16 17:44:15	INFO	ImageAnalysis::_summary+	---------------------------------------------------------------------------------------------------- 
2020-06-16 17:44:15	INFO	ImageAnalysis::_summary+	0    0     Direction Right Ascension   SIN    24   24  03:30:59.150    12.00     -2.500000e-01 arcsec
2020-06-16 17:44:15	INFO	ImageAnalysis::_summary+	1    0     Direction Declination       SIN    24   24 -27.41.01.947    12.00      2.500000e-01 arcsec
2020-06-16 17:44:15	INFO	ImageAnalysis::_summary+	2    1     Stokes    Stokes                    1    1             I
2020-06-16 17:44:15	INFO	ImageAnalysis::_summary+	3    2     Spectral  Frequency               147  147   2.77286e+11     0.00 -2.7348067399e+07 Hz
2020-06-16 17:44:15	INFO	ImageAnalysis::_summary+	                     Velocity                              -4382.02     0.00      3.000000e+01 km/s
2020-06-16 17:44:15	INFO	ImageAnalysis::_summary	
2020-06-16 17:44:15	INFO	ImageAnalysis::_summary+	Image name       : extendedExampleCube_22057.image
2020-06-16 17:44:15	INFO	ImageAnalysis::_summary+	Object name      : extendedExampleCube_22057.alma.cycle6.2_0
2020-06-16 17:44:15	INFO	ImageAnalysis::_summary+	Image type       : PagedImage
2020-06-16 17:44:15	INFO	ImageAnalysis::_summary+	Image quantity   : Intensity
2020-06-16 17:44:15	INFO	ImageAnalysis::_summary+	Pixel mask(s)    : mask0
2020-06-16 17:44:15	INFO	ImageAnalysis::_summary+	Region(s)        : None
2020-06-16 17:44:15	INFO	ImageAnalysis::_summary+	Image units      : Jy/beam
2020-06-16 17:44:15	INFO	ImageAnalysis::_summary+	Restoring Beam   : 1.16759 arcsec, 0.969218 arcsec, -88.1689 deg
2020-06-16 17:44:15	INFO	ImageAnalysis::_summary	
2020-06-16 17:44:15	INFO	ImageAnalysis::_summary+	Direction reference : J2000
2020-06-16 17:44:15	INFO	ImageAnalysis::_summary+	Spectral  reference : LSRK
2020-06-16 17:44:15	INFO	ImageAnalysis::_summary+	Velocity  type      : RADIO
2020-06-16 17:44:15	INFO	ImageAnalysis::_summary+	Rest frequency      : 2.72729e+11 Hz
2020-06-16 17:44:15	INFO	ImageAnalysis::_summary+	Pointing center     :  03:30:48.725791  -27.46.53.951392
2020-06-16 17:44:15	INFO	ImageAnalysis::_summary+	Telescope           : ALMA
2020-06-16 17:44:15	INFO	ImageAnalysis::_summary+	Observer            : CASA simulator
2020-06-16 17:44:15	INFO	ImageAnalysis::_summary+	Date observation    : 2014/01/01/01:10:50
2020-06-16 17:44:15	INFO	ImageAnalysis::_summary+	Telescope position: [2.22514e+06m, -5.44031e+06m, -2.48103e+06m] (ITRF)
2020-06-16 17:44:15	INFO	ImageAnalysis::_summary+	
2020-06-16 17:44:15	INFO	ImageAnalysis::_summary+	Axis Coord Type      Name             Proj Shape Tile   Coord value at pixel        Coord incr Units
2020-06-16 17:44:15	INFO	ImageAnalysis::_summary+	---------------------------------------------------------------------------------------------------- 
2020-06-16 17:44:15	INFO	ImageAnalysis::_summary+	0    0     Direction Right Ascension   SIN    24   24  03:30:48.726    12.00     -2.500000e-01 arcsec
2020-06-16 17:44:15	INFO	ImageAnalysis::_summary+	1    0     Direction Declination       SIN    24   24 -27.46.53.951    12.00      2.500000e-01 arcsec
2020-06-16 17:44:15	INFO	ImageAnalysis::_summary+	2    1     Stokes    Stokes                    1    1             I
2020-06-16 17:44:15	INFO	ImageAnalysis::_summary+	3    2     Spectral  Frequency               147  147   2.76715e+11     0.00 -2.7291733521e+07 Hz
2020-06-16 17:44:15	INFO	ImageAnalysis::_summary+	                     Velocity                              -4381.99     0.00      3.000000e+01 km/s
2020-06-16 17:44:15	INFO	ImageAnalysis::_summary	
2020-06-16 17:44:15	INFO	ImageAnalysis::_summary+	Image name       : extendedExampleCube_27379.image
2020-06-16 17:44:15	INFO	ImageAnalysis::_summary+	Object name      : extendedExampleCube_27379.alma.cycle6.2_0
2020-06-16 17:44:15	INFO	ImageAnalysis::_summary+	Image type       : PagedImage
2020-06-16 17:44:15	INFO	ImageAnalysis::_summary+	Image quantity   : Intensity
2020-06-16 17:44:15	INFO	ImageAnalysis::_summary+	Pixel mask(s)    : mask0
2020-06-16 17:44:15	INFO	ImageAnalysis::_summary+	Region(s)        : None
2020-06-16 17:44:15	INFO	ImageAnalysis::_summary+	Image units      : Jy/beam
2020-06-16 17:44:15	INFO	ImageAnalysis::_summary+	Restoring Beam   : 1.16248 arcsec, 0.964747 arcsec, -88.1636 deg
2020-06-16 17:44:15	INFO	ImageAnalysis::_summary	
2020-06-16 17:44:15	INFO	ImageAnalysis::_summary+	Direction reference : J2000
2020-06-16 17:44:15	INFO	ImageAnalysis::_summary+	Spectral  reference : LSRK
2020-06-16 17:44:15	INFO	ImageAnalysis::_summary+	Velocity  type      : RADIO
2020-06-16 17:44:15	INFO	ImageAnalysis::_summary+	Rest frequency      : 2.73985e+11 Hz
2020-06-16 17:44:15	INFO	ImageAnalysis::_summary+	Pointing center     :  03:31:06.162643  -27.47.36.989558
2020-06-16 17:44:15	INFO	ImageAnalysis::_summary+	Telescope           : ALMA
2020-06-16 17:44:15	INFO	ImageAnalysis::_summary+	Observer            : CASA simulator
2020-06-16 17:44:15	INFO	ImageAnalysis::_summary+	Date observation    : 2014/01/01/01:11:07
2020-06-16 17:44:15	INFO	ImageAnalysis::_summary+	Telescope position: [2.22514e+06m, -5.44031e+06m, -2.48103e+06m] (ITRF)
2020-06-16 17:44:15	INFO	ImageAnalysis::_summary+	
2020-06-16 17:44:15	INFO	ImageAnalysis::_summary+	Axis Coord Type      Name             Proj Shape Tile   Coord value at pixel        Coord incr Units
2020-06-16 17:44:15	INFO	ImageAnalysis::_summary+	---------------------------------------------------------------------------------------------------- 
2020-06-16 17:44:15	INFO	ImageAnalysis::_summary+	0    0     Direction Right Ascension   SIN    24   24  03:31:06.163    12.00     -2.500000e-01 arcsec
2020-06-16 17:44:15	INFO	ImageAnalysis::_summary+	1    0     Direction Declination       SIN    24   24 -27.47.36.990    12.00      2.500000e-01 arcsec
2020-06-16 17:44:15	INFO	ImageAnalysis::_summary+	2    1     Stokes    Stokes                    1    1             I
2020-06-16 17:44:15	INFO	ImageAnalysis::_summary+	3    2     Spectral  Frequency               146  146   2.77962e+11     0.00 -2.7417418650e+07 Hz
2020-06-16 17:44:15	INFO	ImageAnalysis::_summary+	                     Velocity                              -4352.05     0.00      3.000000e+01 km/s
2020-06-16 17:44:15	INFO	ImageAnalysis::_summary	
2020-06-16 17:44:15	INFO	ImageAnalysis::_summary+	Image name       : extendedExampleCube_28641.image
2020-06-16 17:44:15	INFO	ImageAnalysis::_summary+	Object name      : extendedExampleCube_28641.alma.cycle6.2_0
2020-06-16 17:44:15	INFO	ImageAnalysis::_summary+	Image type       : PagedImage
2020-06-16 17:44:15	INFO	ImageAnalysis::_summary+	Image quantity   : Intensity
2020-06-16 17:44:15	INFO	ImageAnalysis::_summary+	Pixel mask(s)    : mask0
2020-06-16 17:44:15	INFO	ImageAnalysis::_summary+	Region(s)        : None
2020-06-16 17:44:15	INFO	ImageAnalysis::_summary+	Image units      : Jy/beam
2020-06-16 17:44:15	INFO	ImageAnalysis::_summary+	Restoring Beam   : 1.16106 arcsec, 0.963265 arcsec, -88.1581 deg
2020-06-16 17:44:15	INFO	ImageAnalysis::_summary	
2020-06-16 17:44:15	INFO	ImageAnalysis::_summary+	Direction reference : J2000
2020-06-16 17:44:15	INFO	ImageAnalysis::_summary+	Spectral  reference : LSRK
2020-06-16 17:44:15	INFO	ImageAnalysis::_summary+	Velocity  type      : RADIO
2020-06-16 17:44:15	INFO	ImageAnalysis::_summary+	Rest frequency      : 2.74334e+11 Hz
2020-06-16 17:44:15	INFO	ImageAnalysis::_summary+	Pointing center     :  03:30:57.471644  -27.37.30.360091
2020-06-16 17:44:15	INFO	ImageAnalysis::_summary+	Telescope           : ALMA
2020-06-16 17:44:15	INFO	ImageAnalysis::_summary+	Observer            : CASA simulator
2020-06-16 17:44:15	INFO	ImageAnalysis::_summary+	Date observation    : 2014/01/01/01:10:59
2020-06-16 17:44:15	INFO	ImageAnalysis::_summary+	Telescope position: [2.22514e+06m, -5.44031e+06m, -2.48103e+06m] (ITRF)
2020-06-16 17:44:15	INFO	ImageAnalysis::_summary+	
2020-06-16 17:44:15	INFO	ImageAnalysis::_summary+	Axis Coord Type      Name             Proj Shape Tile   Coord value at pixel        Coord incr Units
2020-06-16 17:44:15	INFO	ImageAnalysis::_summary+	---------------------------------------------------------------------------------------------------- 
2020-06-16 17:44:15	INFO	ImageAnalysis::_summary+	0    0     Direction Right Ascension   SIN    24   24  03:30:57.472    12.00     -2.500000e-01 arcsec
2020-06-16 17:44:15	INFO	ImageAnalysis::_summary+	1    0     Direction Declination       SIN    24   24 -27.37.30.360    12.00      2.500000e-01 arcsec
2020-06-16 17:44:15	INFO	ImageAnalysis::_summary+	2    1     Stokes    Stokes                    1    1             I
2020-06-16 17:44:15	INFO	ImageAnalysis::_summary+	3    2     Spectral  Frequency               146  146   2.78316e+11     0.00 -2.7452373201e+07 Hz
2020-06-16 17:44:15	INFO	ImageAnalysis::_summary+	                     Velocity                              -4352.07     0.00      3.000000e+01 km/s
2020-06-16 17:44:15	INFO	ImageAnalysis::_summary	
2020-06-16 17:44:15	INFO	ImageAnalysis::_summary+	Image name       : extendedExampleCube_30844.image
2020-06-16 17:44:15	INFO	ImageAnalysis::_summary+	Object name      : extendedExampleCube_30844.alma.cycle6.2_0
2020-06-16 17:44:15	INFO	ImageAnalysis::_summary+	Image type       : PagedImage
2020-06-16 17:44:15	INFO	ImageAnalysis::_summary+	Image quantity   : Intensity
2020-06-16 17:44:15	INFO	ImageAnalysis::_summary+	Pixel mask(s)    : mask0
2020-06-16 17:44:15	INFO	ImageAnalysis::_summary+	Region(s)        : None
2020-06-16 17:44:15	INFO	ImageAnalysis::_summary+	Image units      : Jy/beam
2020-06-16 17:44:15	INFO	ImageAnalysis::_summary+	Restoring Beam   : 1.15924 arcsec, 0.961754 arcsec, -88.1565 deg
2020-06-16 17:44:15	INFO	ImageAnalysis::_summary	
2020-06-16 17:44:15	INFO	ImageAnalysis::_summary+	Direction reference : J2000
2020-06-16 17:44:15	INFO	ImageAnalysis::_summary+	Spectral  reference : LSRK
2020-06-16 17:44:15	INFO	ImageAnalysis::_summary+	Velocity  type      : RADIO
2020-06-16 17:44:15	INFO	ImageAnalysis::_summary+	Rest frequency      : 2.7478e+11 Hz
2020-06-16 17:44:15	INFO	ImageAnalysis::_summary+	Pointing center     :  03:31:01.519110  -27.40.30.209839
2020-06-16 17:44:15	INFO	ImageAnalysis::_summary+	Telescope           : ALMA
2020-06-16 17:44:15	INFO	ImageAnalysis::_summary+	Observer            : CASA simulator
2020-06-16 17:44:15	INFO	ImageAnalysis::_summary+	Date observation    : 2014/01/01/01:11:03
2020-06-16 17:44:15	INFO	ImageAnalysis::_summary+	Telescope position: [2.22514e+06m, -5.44031e+06m, -2.48103e+06m] (ITRF)
2020-06-16 17:44:15	INFO	ImageAnalysis::_summary+	
2020-06-16 17:44:15	INFO	ImageAnalysis::_summary+	Axis Coord Type      Name             Proj Shape Tile   Coord value at pixel        Coord incr Units
2020-06-16 17:44:15	INFO	ImageAnalysis::_summary+	---------------------------------------------------------------------------------------------------- 
2020-06-16 17:44:15	INFO	ImageAnalysis::_summary+	0    0     Direction Right Ascension   SIN    24   24  03:31:01.519    12.00     -2.500000e-01 arcsec
2020-06-16 17:44:15	INFO	ImageAnalysis::_summary+	1    0     Direction Declination       SIN    24   24 -27.40.30.210    12.00      2.500000e-01 arcsec
2020-06-16 17:44:15	INFO	ImageAnalysis::_summary+	2    1     Stokes    Stokes                    1    1             I
2020-06-16 17:44:15	INFO	ImageAnalysis::_summary+	3    2     Spectral  Frequency               146  146   2.78769e+11     0.00 -2.7497001201e+07 Hz
2020-06-16 17:44:15	INFO	ImageAnalysis::_summary+	                     Velocity                              -4352.09     0.00      3.000000e+01 km/s
2020-06-16 17:44:15	INFO	ImageAnalysis::_summary	
2020-06-16 17:44:15	INFO	ImageAnalysis::_summary+	Image name       : extendedExampleCube_31239.image
2020-06-16 17:44:15	INFO	ImageAnalysis::_summary+	Object name      : extendedExampleCube_31239.alma.cycle6.2_0
2020-06-16 17:44:15	INFO	ImageAnalysis::_summary+	Image type       : PagedImage
2020-06-16 17:44:15	INFO	ImageAnalysis::_summary+	Image quantity   : Intensity
2020-06-16 17:44:15	INFO	ImageAnalysis::_summary+	Pixel mask(s)    : mask0
2020-06-16 17:44:15	INFO	ImageAnalysis::_summary+	Region(s)        : None
2020-06-16 17:44:15	INFO	ImageAnalysis::_summary+	Image units      : Jy/beam
2020-06-16 17:44:15	INFO	ImageAnalysis::_summary+	Restoring Beam   : 1.15956 arcsec, 0.961942 arcsec, -88.1559 deg
2020-06-16 17:44:15	INFO	ImageAnalysis::_summary	
2020-06-16 17:44:15	INFO	ImageAnalysis::_summary+	Direction reference : J2000
2020-06-16 17:44:15	INFO	ImageAnalysis::_summary+	Spectral  reference : LSRK
2020-06-16 17:44:15	INFO	ImageAnalysis::_summary+	Velocity  type      : RADIO
2020-06-16 17:44:15	INFO	ImageAnalysis::_summary+	Rest frequency      : 2.74699e+11 Hz
2020-06-16 17:44:15	INFO	ImageAnalysis::_summary+	Pointing center     :  03:30:26.450523  -27.36.36.363033
2020-06-16 17:44:15	INFO	ImageAnalysis::_summary+	Telescope           : ALMA
2020-06-16 17:44:15	INFO	ImageAnalysis::_summary+	Observer            : CASA simulator
2020-06-16 17:44:15	INFO	ImageAnalysis::_summary+	Date observation    : 2014/01/01/01:10:28
2020-06-16 17:44:15	INFO	ImageAnalysis::_summary+	Telescope position: [2.22514e+06m, -5.44031e+06m, -2.48103e+06m] (ITRF)
2020-06-16 17:44:15	INFO	ImageAnalysis::_summary+	
2020-06-16 17:44:15	INFO	ImageAnalysis::_summary+	Axis Coord Type      Name             Proj Shape Tile   Coord value at pixel        Coord incr Units
2020-06-16 17:44:15	INFO	ImageAnalysis::_summary+	---------------------------------------------------------------------------------------------------- 
2020-06-16 17:44:15	INFO	ImageAnalysis::_summary+	0    0     Direction Right Ascension   SIN    24   24  03:30:26.451    12.00     -2.500000e-01 arcsec
2020-06-16 17:44:15	INFO	ImageAnalysis::_summary+	1    0     Direction Declination       SIN    24   24 -27.36.36.363    12.00      2.500000e-01 arcsec
2020-06-16 17:44:15	INFO	ImageAnalysis::_summary+	2    1     Stokes    Stokes                    1    1             I
2020-06-16 17:44:15	INFO	ImageAnalysis::_summary+	3    2     Spectral  Frequency               146  146   2.78687e+11     0.00 -2.7488965370e+07 Hz
2020-06-16 17:44:15	INFO	ImageAnalysis::_summary+	                     Velocity                              -4352.08     0.00      3.000000e+01 km/s
2020-06-16 17:44:15	INFO	ImageAnalysis::_summary	
2020-06-16 17:44:15	INFO	ImageAnalysis::_summary+	Image name       : extendedExampleCube_31272.image
2020-06-16 17:44:15	INFO	ImageAnalysis::_summary+	Object name      : extendedExampleCube_31272.alma.cycle6.2_0
2020-06-16 17:44:15	INFO	ImageAnalysis::_summary+	Image type       : PagedImage
2020-06-16 17:44:15	INFO	ImageAnalysis::_summary+	Image quantity   : Intensity
2020-06-16 17:44:15	INFO	ImageAnalysis::_summary+	Pixel mask(s)    : mask0
2020-06-16 17:44:15	INFO	ImageAnalysis::_summary+	Region(s)        : None
2020-06-16 17:44:15	INFO	ImageAnalysis::_summary+	Image units      : Jy/beam
2020-06-16 17:44:15	INFO	ImageAnalysis::_summary+	Restoring Beam   : 1.16198 arcsec, 0.964113 arcsec, -88.1603 deg
2020-06-16 17:44:15	INFO	ImageAnalysis::_summary	
2020-06-16 17:44:15	INFO	ImageAnalysis::_summary+	Direction reference : J2000
2020-06-16 17:44:15	INFO	ImageAnalysis::_summary+	Spectral  reference : LSRK
2020-06-16 17:44:15	INFO	ImageAnalysis::_summary+	Velocity  type      : RADIO
2020-06-16 17:44:15	INFO	ImageAnalysis::_summary+	Rest frequency      : 2.74112e+11 Hz
2020-06-16 17:44:15	INFO	ImageAnalysis::_summary+	Pointing center     :  03:30:59.715876  -27.39.59.384788
2020-06-16 17:44:15	INFO	ImageAnalysis::_summary+	Telescope           : ALMA
2020-06-16 17:44:15	INFO	ImageAnalysis::_summary+	Observer            : CASA simulator
2020-06-16 17:44:15	INFO	ImageAnalysis::_summary+	Date observation    : 2014/01/01/01:11:01
2020-06-16 17:44:15	INFO	ImageAnalysis::_summary+	Telescope position: [2.22514e+06m, -5.44031e+06m, -2.48103e+06m] (ITRF)
2020-06-16 17:44:15	INFO	ImageAnalysis::_summary+	
2020-06-16 17:44:15	INFO	ImageAnalysis::_summary+	Axis Coord Type      Name             Proj Shape Tile   Coord value at pixel        Coord incr Units
2020-06-16 17:44:15	INFO	ImageAnalysis::_summary+	---------------------------------------------------------------------------------------------------- 
2020-06-16 17:44:15	INFO	ImageAnalysis::_summary+	0    0     Direction Right Ascension   SIN    24   24  03:30:59.716    12.00     -2.500000e-01 arcsec
2020-06-16 17:44:15	INFO	ImageAnalysis::_summary+	1    0     Direction Declination       SIN    24   24 -27.39.59.385    12.00      2.500000e-01 arcsec
2020-06-16 17:44:15	INFO	ImageAnalysis::_summary+	2    1     Stokes    Stokes                    1    1             I
2020-06-16 17:44:15	INFO	ImageAnalysis::_summary+	3    2     Spectral  Frequency               146  146   2.78091e+11     0.00 -2.7430157786e+07 Hz
2020-06-16 17:44:15	INFO	ImageAnalysis::_summary+	                     Velocity                              -4352.06     0.00      3.000000e+01 km/s
2020-06-16 17:44:15	INFO		Created Paged image 'stackResult.image' of shape [8, 8, 1, 147] with float valued pixels.
2020-06-16 17:44:15	INFO	line-stacker::::	##### End Task: stacker              #####
2020-06-16 17:44:15	INFO	line-stacker::::	##########################################
2020-06-16 17:44:17	INFO		Created Paged image '/home/oso/pylibs/LineStacker/Example/cube/dataExtended/extendedExampleCube_20175_SpectralRebinned.image' of shape [24, 24, 1, 113] with float valued pixels.
2020-06-16 17:44:17	INFO		Created Paged image '/home/oso/pylibs/LineStacker/Example/cube/dataExtended/extendedExampleCube_22057_SpectralRebinned.image' of shape [24, 24, 1, 131] with float valued pixels.
2020-06-16 17:44:17	INFO	SubImageFactory::createImage	Creating image '/home/oso/pylibs/LineStacker/Example/cube/dataExtended/extendedExampleCube_27379_SpectralRebinned.image' of shape [24, 24, 1, 146]
2020-06-16 17:44:17	INFO		Created Paged image '/home/oso/pylibs/LineStacker/Example/cube/dataExtended/extendedExampleCube_28641_SpectralRebinned.image' of shape [24, 24, 1, 137] with float valued pixels.
2020-06-16 17:44:17	INFO		Created Paged image '/home/oso/pylibs/LineStacker/Example/cube/dataExtended/extendedExampleCube_30844_SpectralRebinned.image' of shape [24, 24, 1, 34] with float valued pixels.
2020-06-16 17:44:17	INFO		Created Paged image '/home/oso/pylibs/LineStacker/Example/cube/dataExtended/extendedExampleCube_31239_SpectralRebinned.image' of shape [24, 24, 1, 133] with float valued pixels.
2020-06-16 17:44:17	INFO		Created Paged image '/home/oso/pylibs/LineStacker/Example/cube/dataExtended/extendedExampleCube_31272_SpectralRebinned.image' of shape [24, 24, 1, 74] with float valued pixels.
2020-06-16 17:44:17	INFO	ImageAnalysis::_summary	
2020-06-16 17:44:17	INFO	ImageAnalysis::_summary+	Image name       : extendedExampleCube_20175_SpectralRebinned.image
2020-06-16 17:44:17	INFO	ImageAnalysis::_summary+	Object name      : 
2020-06-16 17:44:17	INFO	ImageAnalysis::_summary+	Image type       : PagedImage
2020-06-16 17:44:17	INFO	ImageAnalysis::_summary+	Image quantity   : Intensity
2020-06-16 17:44:17	INFO	ImageAnalysis::_summary+	Pixel mask(s)    : None
2020-06-16 17:44:17	INFO	ImageAnalysis::_summary+	Region(s)        : None
2020-06-16 17:44:17	INFO	ImageAnalysis::_summary	
2020-06-16 17:44:17	INFO	ImageAnalysis::_summary+	Direction reference : J2000
2020-06-16 17:44:17	INFO	ImageAnalysis::_summary+	Spectral  reference : LSRK
2020-06-16 17:44:17	INFO	ImageAnalysis::_summary+	Velocity  type      : RADIO
2020-06-16 17:44:17	INFO	ImageAnalysis::_summary+	Rest frequency      : 2.73291e+11 Hz
2020-06-16 17:44:17	INFO	ImageAnalysis::_summary+	Pointing center     :  03:30:59.150248  -27.41.01.946967
2020-06-16 17:44:17	INFO	ImageAnalysis::_summary+	Telescope           : ALMA
2020-06-16 17:44:17	INFO	ImageAnalysis::_summary+	Observer            : CASA simulator
2020-06-16 17:44:17	INFO	ImageAnalysis::_summary+	Date observation    : 2014/01/01/01:11:00
2020-06-16 17:44:17	INFO	ImageAnalysis::_summary+	Telescope position: [2.22514e+06m, -5.44031e+06m, -2.48103e+06m] (ITRF)
2020-06-16 17:44:17	INFO	ImageAnalysis::_summary+	
2020-06-16 17:44:17	INFO	ImageAnalysis::_summary+	Axis Coord Type      Name             Proj Shape Tile   Coord value at pixel        Coord incr Units
2020-06-16 17:44:17	INFO	ImageAnalysis::_summary+	---------------------------------------------------------------------------------------------------- 
2020-06-16 17:44:17	INFO	ImageAnalysis::_summary+	0    0     Direction Right Ascension   SIN    24   24  03:30:59.150    12.00     -2.500000e-01 arcsec
2020-06-16 17:44:17	INFO	ImageAnalysis::_summary+	1    0     Direction Declination       SIN    24   24 -27.41.01.947    12.00      2.500000e-01 arcsec
2020-06-16 17:44:17	INFO	ImageAnalysis::_summary+	2    1     Stokes    Stokes                    1    1             I
2020-06-16 17:44:17	INFO	ImageAnalysis::_summary+	3    2     Spectral  Frequency               113  113   2.77286e+11     0.00 -3.5576689449e+07 Hz
2020-06-16 17:44:17	INFO	ImageAnalysis::_summary+	                     Velocity                              -4382.02     0.00      3.902655e+01 km/s
2020-06-16 17:44:17	INFO	ImageAnalysis::_summary	
2020-06-16 17:44:17	INFO	ImageAnalysis::_summary+	Image name       : extendedExampleCube_22057_SpectralRebinned.image
2020-06-16 17:44:17	INFO	ImageAnalysis::_summary+	Object name      : 
2020-06-16 17:44:17	INFO	ImageAnalysis::_summary+	Image type       : PagedImage
2020-06-16 17:44:17	INFO	ImageAnalysis::_summary+	Image quantity   : Intensity
2020-06-16 17:44:17	INFO	ImageAnalysis::_summary+	Pixel mask(s)    : None
2020-06-16 17:44:17	INFO	ImageAnalysis::_summary+	Region(s)        : None
2020-06-16 17:44:17	INFO	ImageAnalysis::_summary	
2020-06-16 17:44:17	INFO	ImageAnalysis::_summary+	Direction reference : J2000
2020-06-16 17:44:17	INFO	ImageAnalysis::_summary+	Spectral  reference : LSRK
2020-06-16 17:44:17	INFO	ImageAnalysis::_summary+	Velocity  type      : RADIO
2020-06-16 17:44:17	INFO	ImageAnalysis::_summary+	Rest frequency      : 2.72729e+11 Hz
2020-06-16 17:44:17	INFO	ImageAnalysis::_summary+	Pointing center     :  03:30:48.725791  -27.46.53.951392
2020-06-16 17:44:17	INFO	ImageAnalysis::_summary+	Telescope           : ALMA
2020-06-16 17:44:17	INFO	ImageAnalysis::_summary+	Observer            : CASA simulator
2020-06-16 17:44:17	INFO	ImageAnalysis::_summary+	Date observation    : 2014/01/01/01:10:50
2020-06-16 17:44:17	INFO	ImageAnalysis::_summary+	Telescope position: [2.22514e+06m, -5.44031e+06m, -2.48103e+06m] (ITRF)
2020-06-16 17:44:17	INFO	ImageAnalysis::_summary+	
2020-06-16 17:44:17	INFO	ImageAnalysis::_summary+	Axis Coord Type      Name             Proj Shape Tile   Coord value at pixel        Coord incr Units
2020-06-16 17:44:17	INFO	ImageAnalysis::_summary+	---------------------------------------------------------------------------------------------------- 
2020-06-16 17:44:17	INFO	ImageAnalysis::_summary+	0    0     Direction Right Ascension   SIN    24   24  03:30:48.726    12.00     -2.500000e-01 arcsec
2020-06-16 17:44:17	INFO	ImageAnalysis::_summary+	1    0     Direction Declination       SIN    24   24 -27.46.53.951    12.00      2.500000e-01 arcsec
2020-06-16 17:44:17	INFO	ImageAnalysis::_summary+	2    1     Stokes    Stokes                    1    1             I
2020-06-16 17:44:17	INFO	ImageAnalysis::_summary+	3    2     Spectral  Frequency               131  131   2.76715e+11     0.00 -3.0625075020e+07 Hz
2020-06-16 17:44:17	INFO	ImageAnalysis::_summary+	                     Velocity                              -4381.99     0.00      3.366412e+01 km/s
2020-06-16 17:44:17	INFO	ImageAnalysis::_summary	
2020-06-16 17:44:17	INFO	ImageAnalysis::_summary+	Image name       : extendedExampleCube_27379_SpectralRebinned.image
2020-06-16 17:44:17	INFO	ImageAnalysis::_summary+	Object name      : extendedExampleCube_27379.alma.cycle6.2_0
2020-06-16 17:44:17	INFO	ImageAnalysis::_summary+	Image type       : PagedImage
2020-06-16 17:44:17	INFO	ImageAnalysis::_summary+	Image quantity   : Intensity
2020-06-16 17:44:17	INFO	ImageAnalysis::_summary+	Pixel mask(s)    : None
2020-06-16 17:44:17	INFO	ImageAnalysis::_summary+	Region(s)        : None
2020-06-16 17:44:17	INFO	ImageAnalysis::_summary+	Image units      : Jy/beam
2020-06-16 17:44:17	INFO	ImageAnalysis::_summary+	Restoring Beam   : 1.16248 arcsec, 0.964747 arcsec, -88.1636 deg
2020-06-16 17:44:17	INFO	ImageAnalysis::_summary	
2020-06-16 17:44:17	INFO	ImageAnalysis::_summary+	Direction reference : J2000
2020-06-16 17:44:17	INFO	ImageAnalysis::_summary+	Spectral  reference : LSRK
2020-06-16 17:44:17	INFO	ImageAnalysis::_summary+	Velocity  type      : RADIO
2020-06-16 17:44:17	INFO	ImageAnalysis::_summary+	Rest frequency      : 2.73985e+11 Hz
2020-06-16 17:44:17	INFO	ImageAnalysis::_summary+	Pointing center     :  03:31:06.162643  -27.47.36.989558
2020-06-16 17:44:17	INFO	ImageAnalysis::_summary+	Telescope           : ALMA
2020-06-16 17:44:17	INFO	ImageAnalysis::_summary+	Observer            : CASA simulator
2020-06-16 17:44:17	INFO	ImageAnalysis::_summary+	Date observation    : 2014/01/01/01:11:07
2020-06-16 17:44:17	INFO	ImageAnalysis::_summary+	Telescope position: [2.22514e+06m, -5.44031e+06m, -2.48103e+06m] (ITRF)
2020-06-16 17:44:17	INFO	ImageAnalysis::_summary+	
2020-06-16 17:44:17	INFO	ImageAnalysis::_summary+	Axis Coord Type      Name             Proj Shape Tile   Coord value at pixel        Coord incr Units
2020-06-16 17:44:17	INFO	ImageAnalysis::_summary+	---------------------------------------------------------------------------------------------------- 
2020-06-16 17:44:17	INFO	ImageAnalysis::_summary+	0    0     Direction Right Ascension   SIN    24   24  03:31:06.163    12.00     -2.500000e-01 arcsec
2020-06-16 17:44:17	INFO	ImageAnalysis::_summary+	1    0     Direction Declination       SIN    24   24 -27.47.36.990    12.00      2.500000e-01 arcsec
2020-06-16 17:44:17	INFO	ImageAnalysis::_summary+	2    1     Stokes    Stokes                    1    1             I
2020-06-16 17:44:17	INFO	ImageAnalysis::_summary+	3    2     Spectral  Frequency               146  146   2.77962e+11     0.00 -2.7417418650e+07 Hz
2020-06-16 17:44:17	INFO	ImageAnalysis::_summary+	                     Velocity                              -4352.05     0.00      3.000000e+01 km/s
2020-06-16 17:44:17	INFO	ImageAnalysis::_summary	
2020-06-16 17:44:17	INFO	ImageAnalysis::_summary+	Image name       : extendedExampleCube_28641_SpectralRebinned.image
2020-06-16 17:44:17	INFO	ImageAnalysis::_summary+	Object name      : 
2020-06-16 17:44:17	INFO	ImageAnalysis::_summary+	Image type       : PagedImage
2020-06-16 17:44:17	INFO	ImageAnalysis::_summary+	Image quantity   : Intensity
2020-06-16 17:44:17	INFO	ImageAnalysis::_summary+	Pixel mask(s)    : None
2020-06-16 17:44:17	INFO	ImageAnalysis::_summary+	Region(s)        : None
2020-06-16 17:44:17	INFO	ImageAnalysis::_summary	
2020-06-16 17:44:17	INFO	ImageAnalysis::_summary+	Direction reference : J2000
2020-06-16 17:44:17	INFO	ImageAnalysis::_summary+	Spectral  reference : LSRK
2020-06-16 17:44:17	INFO	ImageAnalysis::_summary+	Velocity  type      : RADIO
2020-06-16 17:44:17	INFO	ImageAnalysis::_summary+	Rest frequency      : 2.74334e+11 Hz
2020-06-16 17:44:17	INFO	ImageAnalysis::_summary+	Pointing center     :  03:30:57.471644  -27.37.30.360091
2020-06-16 17:44:17	INFO	ImageAnalysis::_summary+	Telescope           : ALMA
2020-06-16 17:44:17	INFO	ImageAnalysis::_summary+	Observer            : CASA simulator
2020-06-16 17:44:17	INFO	ImageAnalysis::_summary+	Date observation    : 2014/01/01/01:10:59
2020-06-16 17:44:17	INFO	ImageAnalysis::_summary+	Telescope position: [2.22514e+06m, -5.44031e+06m, -2.48103e+06m] (ITRF)
2020-06-16 17:44:17	INFO	ImageAnalysis::_summary+	
2020-06-16 17:44:17	INFO	ImageAnalysis::_summary+	Axis Coord Type      Name             Proj Shape Tile   Coord value at pixel        Coord incr Units
2020-06-16 17:44:17	INFO	ImageAnalysis::_summary+	---------------------------------------------------------------------------------------------------- 
2020-06-16 17:44:17	INFO	ImageAnalysis::_summary+	0    0     Direction Right Ascension   SIN    24   24  03:30:57.472    12.00     -2.500000e-01 arcsec
2020-06-16 17:44:17	INFO	ImageAnalysis::_summary+	1    0     Direction Declination       SIN    24   24 -27.37.30.360    12.00      2.500000e-01 arcsec
2020-06-16 17:44:17	INFO	ImageAnalysis::_summary+	2    1     Stokes    Stokes                    1    1             I
2020-06-16 17:44:17	INFO	ImageAnalysis::_summary+	3    2     Spectral  Frequency               137  137   2.78316e+11     0.00 -2.9255813777e+07 Hz
2020-06-16 17:44:17	INFO	ImageAnalysis::_summary+	                     Velocity                              -4352.07     0.00      3.197080e+01 km/s
2020-06-16 17:44:17	INFO	ImageAnalysis::_summary	
2020-06-16 17:44:17	INFO	ImageAnalysis::_summary+	Image name       : extendedExampleCube_30844_SpectralRebinned.image
2020-06-16 17:44:17	INFO	ImageAnalysis::_summary+	Object name      : 
2020-06-16 17:44:17	INFO	ImageAnalysis::_summary+	Image type       : PagedImage
2020-06-16 17:44:17	INFO	ImageAnalysis::_summary+	Image quantity   : Intensity
2020-06-16 17:44:17	INFO	ImageAnalysis::_summary+	Pixel mask(s)    : None
2020-06-16 17:44:17	INFO	ImageAnalysis::_summary+	Region(s)        : None
2020-06-16 17:44:17	INFO	ImageAnalysis::_summary	
2020-06-16 17:44:17	INFO	ImageAnalysis::_summary+	Direction reference : J2000
2020-06-16 17:44:17	INFO	ImageAnalysis::_summary+	Spectral  reference : LSRK
2020-06-16 17:44:17	INFO	ImageAnalysis::_summary+	Velocity  type      : RADIO
2020-06-16 17:44:17	INFO	ImageAnalysis::_summary+	Rest frequency      : 2.7478e+11 Hz
2020-06-16 17:44:17	INFO	ImageAnalysis::_summary+	Pointing center     :  03:31:01.519110  -27.40.30.209839
2020-06-16 17:44:17	INFO	ImageAnalysis::_summary+	Telescope           : ALMA
2020-06-16 17:44:17	INFO	ImageAnalysis::_summary+	Observer            : CASA simulator
2020-06-16 17:44:17	INFO	ImageAnalysis::_summary+	Date observation    : 2014/01/01/01:11:03
2020-06-16 17:44:17	INFO	ImageAnalysis::_summary+	Telescope position: [2.22514e+06m, -5.44031e+06m, -2.48103e+06m] (ITRF)
2020-06-16 17:44:17	INFO	ImageAnalysis::_summary+	
2020-06-16 17:44:17	INFO	ImageAnalysis::_summary+	Axis Coord Type      Name             Proj Shape Tile   Coord value at pixel         Coord incr Units
2020-06-16 17:44:17	INFO	ImageAnalysis::_summary+	----------------------------------------------------------------------------------------------------- 
2020-06-16 17:44:17	INFO	ImageAnalysis::_summary+	0    0     Direction Right Ascension   SIN    24   24  03:31:01.519    12.00      -2.500000e-01 arcsec
2020-06-16 17:44:17	INFO	ImageAnalysis::_summary+	1    0     Direction Declination       SIN    24   24 -27.40.30.210    12.00       2.500000e-01 arcsec
2020-06-16 17:44:17	INFO	ImageAnalysis::_summary+	2    1     Stokes    Stokes                    1    1             I
2020-06-16 17:44:17	INFO	ImageAnalysis::_summary+	3    2     Spectral  Frequency                34   34   2.78769e+11     0.00 -1.18075358098e+08 Hz
2020-06-16 17:44:17	INFO	ImageAnalysis::_summary+	                     Velocity                              -4352.09     0.00       1.288235e+02 km/s
2020-06-16 17:44:17	INFO	ImageAnalysis::_summary	
2020-06-16 17:44:17	INFO	ImageAnalysis::_summary+	Image name       : extendedExampleCube_31239_SpectralRebinned.image
2020-06-16 17:44:17	INFO	ImageAnalysis::_summary+	Object name      : 
2020-06-16 17:44:17	INFO	ImageAnalysis::_summary+	Image type       : PagedImage
2020-06-16 17:44:17	INFO	ImageAnalysis::_summary+	Image quantity   : Intensity
2020-06-16 17:44:17	INFO	ImageAnalysis::_summary+	Pixel mask(s)    : None
2020-06-16 17:44:17	INFO	ImageAnalysis::_summary+	Region(s)        : None
2020-06-16 17:44:17	INFO	ImageAnalysis::_summary	
2020-06-16 17:44:17	INFO	ImageAnalysis::_summary+	Direction reference : J2000
2020-06-16 17:44:17	INFO	ImageAnalysis::_summary+	Spectral  reference : LSRK
2020-06-16 17:44:17	INFO	ImageAnalysis::_summary+	Velocity  type      : RADIO
2020-06-16 17:44:17	INFO	ImageAnalysis::_summary+	Rest frequency      : 2.74699e+11 Hz
2020-06-16 17:44:17	INFO	ImageAnalysis::_summary+	Pointing center     :  03:30:26.450523  -27.36.36.363033
2020-06-16 17:44:17	INFO	ImageAnalysis::_summary+	Telescope           : ALMA
2020-06-16 17:44:17	INFO	ImageAnalysis::_summary+	Observer            : CASA simulator
2020-06-16 17:44:17	INFO	ImageAnalysis::_summary+	Date observation    : 2014/01/01/01:10:28
2020-06-16 17:44:17	INFO	ImageAnalysis::_summary+	Telescope position: [2.22514e+06m, -5.44031e+06m, -2.48103e+06m] (ITRF)
2020-06-16 17:44:17	INFO	ImageAnalysis::_summary+	
2020-06-16 17:44:17	INFO	ImageAnalysis::_summary+	Axis Coord Type      Name             Proj Shape Tile   Coord value at pixel        Coord incr Units
2020-06-16 17:44:17	INFO	ImageAnalysis::_summary+	---------------------------------------------------------------------------------------------------- 
2020-06-16 17:44:17	INFO	ImageAnalysis::_summary+	0    0     Direction Right Ascension   SIN    24   24  03:30:26.451    12.00     -2.500000e-01 arcsec
2020-06-16 17:44:17	INFO	ImageAnalysis::_summary+	1    0     Direction Declination       SIN    24   24 -27.36.36.363    12.00      2.500000e-01 arcsec
2020-06-16 17:44:17	INFO	ImageAnalysis::_summary+	2    1     Stokes    Stokes                    1    1             I
2020-06-16 17:44:17	INFO	ImageAnalysis::_summary+	3    2     Spectral  Frequency               133  133   2.78687e+11     0.00 -3.0175856722e+07 Hz
2020-06-16 17:44:17	INFO	ImageAnalysis::_summary+	                     Velocity                              -4352.08     0.00      3.293233e+01 km/s
2020-06-16 17:44:17	INFO	ImageAnalysis::_summary	
2020-06-16 17:44:17	INFO	ImageAnalysis::_summary+	Image name       : extendedExampleCube_31272_SpectralRebinned.image
2020-06-16 17:44:17	INFO	ImageAnalysis::_summary+	Object name      : 
2020-06-16 17:44:17	INFO	ImageAnalysis::_summary+	Image type       : PagedImage
2020-06-16 17:44:17	INFO	ImageAnalysis::_summary+	Image quantity   : Intensity
2020-06-16 17:44:17	INFO	ImageAnalysis::_summary+	Pixel mask(s)    : None
2020-06-16 17:44:17	INFO	ImageAnalysis::_summary+	Region(s)        : None
2020-06-16 17:44:17	INFO	ImageAnalysis::_summary	
2020-06-16 17:44:17	INFO	ImageAnalysis::_summary+	Direction reference : J2000
2020-06-16 17:44:17	INFO	ImageAnalysis::_summary+	Spectral  reference : LSRK
2020-06-16 17:44:17	INFO	ImageAnalysis::_summary+	Velocity  type      : RADIO
2020-06-16 17:44:17	INFO	ImageAnalysis::_summary+	Rest frequency      : 2.74112e+11 Hz
2020-06-16 17:44:17	INFO	ImageAnalysis::_summary+	Pointing center     :  03:30:59.715876  -27.39.59.384788
2020-06-16 17:44:17	INFO	ImageAnalysis::_summary+	Telescope           : ALMA
2020-06-16 17:44:17	INFO	ImageAnalysis::_summary+	Observer            : CASA simulator
2020-06-16 17:44:17	INFO	ImageAnalysis::_summary+	Date observation    : 2014/01/01/01:11:01
2020-06-16 17:44:17	INFO	ImageAnalysis::_summary+	Telescope position: [2.22514e+06m, -5.44031e+06m, -2.48103e+06m] (ITRF)
2020-06-16 17:44:17	INFO	ImageAnalysis::_summary+	
2020-06-16 17:44:17	INFO	ImageAnalysis::_summary+	Axis Coord Type      Name             Proj Shape Tile   Coord value at pixel        Coord incr Units
2020-06-16 17:44:17	INFO	ImageAnalysis::_summary+	---------------------------------------------------------------------------------------------------- 
2020-06-16 17:44:17	INFO	ImageAnalysis::_summary+	0    0     Direction Right Ascension   SIN    24   24  03:30:59.716    12.00     -2.500000e-01 arcsec
2020-06-16 17:44:17	INFO	ImageAnalysis::_summary+	1    0     Direction Declination       SIN    24   24 -27.39.59.385    12.00      2.500000e-01 arcsec
2020-06-16 17:44:17	INFO	ImageAnalysis::_summary+	2    1     Stokes    Stokes                    1    1             I
2020-06-16 17:44:17	INFO	ImageAnalysis::_summary+	3    2     Spectral  Frequency                74   74   2.78091e+11     0.00 -5.4118959957e+07 Hz
2020-06-16 17:44:17	INFO	ImageAnalysis::_summary+	                     Velocity                              -4352.06     0.00      5.918919e+01 km/s
