2020-06-16 17:44:03	INFO	casa::::	---
2020-06-16 17:44:03	INFO	casa::::	CASA Version 4.5.2-REL (r36115)
2020-06-16 17:44:03	INFO	casa::::	  Tagged on: 2016-02-09 17:39:09 -0500 (Tue, 09 Feb 2016)
2020-06-16 17:45:01	INFO	line-stacker::::	##########################################
2020-06-16 17:45:01	INFO	line-stacker::::	##### Begin Task: Line-Stacker       #####
2020-06-16 17:45:01	INFO	ImageAnalysis::_summary	
2020-06-16 17:45:01	INFO	ImageAnalysis::_summary+	Image name       : extendedExampleCube_31839.image
2020-06-16 17:45:01	INFO	ImageAnalysis::_summary+	Object name      : extendedExampleCube_31839.alma.cycle6.2_0
2020-06-16 17:45:01	INFO	ImageAnalysis::_summary+	Image type       : PagedImage
2020-06-16 17:45:01	INFO	ImageAnalysis::_summary+	Image quantity   : Intensity
2020-06-16 17:45:01	INFO	ImageAnalysis::_summary+	Pixel mask(s)    : mask0
2020-06-16 17:45:01	INFO	ImageAnalysis::_summary+	Region(s)        : None
2020-06-16 17:45:01	INFO	ImageAnalysis::_summary+	Image units      : Jy/beam
2020-06-16 17:45:01	INFO	ImageAnalysis::_summary+	Restoring Beam   : 1.16723 arcsec, 0.968851 arcsec, -88.1677 deg
2020-06-16 17:45:01	INFO	ImageAnalysis::_summary	
2020-06-16 17:45:01	INFO	ImageAnalysis::_summary+	Direction reference : J2000
2020-06-16 17:45:01	INFO	ImageAnalysis::_summary+	Spectral  reference : LSRK
2020-06-16 17:45:01	INFO	ImageAnalysis::_summary+	Velocity  type      : RADIO
2020-06-16 17:45:01	INFO	ImageAnalysis::_summary+	Rest frequency      : 2.72818e+11 Hz
2020-06-16 17:45:01	INFO	ImageAnalysis::_summary+	Pointing center     :  03:30:55.215729  -27.44.56.979221
2020-06-16 17:45:01	INFO	ImageAnalysis::_summary+	Telescope           : ALMA
2020-06-16 17:45:01	INFO	ImageAnalysis::_summary+	Observer            : CASA simulator
2020-06-16 17:45:01	INFO	ImageAnalysis::_summary+	Date observation    : 2014/01/01/01:10:56
2020-06-16 17:45:01	INFO	ImageAnalysis::_summary+	Telescope position: [2.22514e+06m, -5.44031e+06m, -2.48103e+06m] (ITRF)
2020-06-16 17:45:01	INFO	ImageAnalysis::_summary+	
2020-06-16 17:45:01	INFO	ImageAnalysis::_summary+	Axis Coord Type      Name             Proj Shape Tile   Coord value at pixel        Coord incr Units
2020-06-16 17:45:01	INFO	ImageAnalysis::_summary+	---------------------------------------------------------------------------------------------------- 
2020-06-16 17:45:01	INFO	ImageAnalysis::_summary+	0    0     Direction Right Ascension   SIN    24   24  03:30:55.216    12.00     -2.500000e-01 arcsec
2020-06-16 17:45:01	INFO	ImageAnalysis::_summary+	1    0     Direction Declination       SIN    24   24 -27.44.56.979    12.00      2.500000e-01 arcsec
2020-06-16 17:45:01	INFO	ImageAnalysis::_summary+	2    1     Stokes    Stokes                    1    1             I
2020-06-16 17:45:01	INFO	ImageAnalysis::_summary+	3    2     Spectral  Frequency               147  147   2.76805e+11     0.00 -2.7300659031e+07 Hz
2020-06-16 17:45:01	INFO	ImageAnalysis::_summary+	                     Velocity                                 -4382     0.00      3.000000e+01 km/s
2020-06-16 17:45:01	INFO	ImageAnalysis::_summary	
2020-06-16 17:45:01	INFO	ImageAnalysis::_summary+	Image name       : extendedExampleCube_31839.image
2020-06-16 17:45:01	INFO	ImageAnalysis::_summary+	Object name      : extendedExampleCube_31839.alma.cycle6.2_0
2020-06-16 17:45:01	INFO	ImageAnalysis::_summary+	Image type       : PagedImage
2020-06-16 17:45:01	INFO	ImageAnalysis::_summary+	Image quantity   : Intensity
2020-06-16 17:45:01	INFO	ImageAnalysis::_summary+	Pixel mask(s)    : mask0
2020-06-16 17:45:01	INFO	ImageAnalysis::_summary+	Region(s)        : None
2020-06-16 17:45:01	INFO	ImageAnalysis::_summary+	Image units      : Jy/beam
2020-06-16 17:45:01	INFO	ImageAnalysis::_summary+	Restoring Beam   : 1.16723 arcsec, 0.968851 arcsec, -88.1677 deg
2020-06-16 17:45:01	INFO	ImageAnalysis::_summary	
2020-06-16 17:45:01	INFO	ImageAnalysis::_summary+	Direction reference : J2000
2020-06-16 17:45:01	INFO	ImageAnalysis::_summary+	Spectral  reference : LSRK
2020-06-16 17:45:01	INFO	ImageAnalysis::_summary+	Velocity  type      : RADIO
2020-06-16 17:45:01	INFO	ImageAnalysis::_summary+	Rest frequency      : 2.72818e+11 Hz
2020-06-16 17:45:01	INFO	ImageAnalysis::_summary+	Pointing center     :  03:30:55.215729  -27.44.56.979221
2020-06-16 17:45:01	INFO	ImageAnalysis::_summary+	Telescope           : ALMA
2020-06-16 17:45:01	INFO	ImageAnalysis::_summary+	Observer            : CASA simulator
2020-06-16 17:45:01	INFO	ImageAnalysis::_summary+	Date observation    : 2014/01/01/01:10:56
2020-06-16 17:45:01	INFO	ImageAnalysis::_summary+	Telescope position: [2.22514e+06m, -5.44031e+06m, -2.48103e+06m] (ITRF)
2020-06-16 17:45:01	INFO	ImageAnalysis::_summary+	
2020-06-16 17:45:01	INFO	ImageAnalysis::_summary+	Axis Coord Type      Name             Proj Shape Tile   Coord value at pixel        Coord incr Units
2020-06-16 17:45:01	INFO	ImageAnalysis::_summary+	---------------------------------------------------------------------------------------------------- 
2020-06-16 17:45:01	INFO	ImageAnalysis::_summary+	0    0     Direction Right Ascension   SIN    24   24  03:30:55.216    12.00     -2.500000e-01 arcsec
2020-06-16 17:45:01	INFO	ImageAnalysis::_summary+	1    0     Direction Declination       SIN    24   24 -27.44.56.979    12.00      2.500000e-01 arcsec
2020-06-16 17:45:01	INFO	ImageAnalysis::_summary+	2    1     Stokes    Stokes                    1    1             I
2020-06-16 17:45:01	INFO	ImageAnalysis::_summary+	3    2     Spectral  Frequency               147  147   2.76805e+11     0.00 -2.7300659031e+07 Hz
2020-06-16 17:45:01	INFO	ImageAnalysis::_summary+	                     Velocity                                 -4382     0.00      3.000000e+01 km/s
2020-06-16 17:45:01	INFO	ImageAnalysis::_summary	
2020-06-16 17:45:01	INFO	ImageAnalysis::_summary+	Image name       : extendedExampleCube_32688.image
2020-06-16 17:45:01	INFO	ImageAnalysis::_summary+	Object name      : extendedExampleCube_32688.alma.cycle6.2_0
2020-06-16 17:45:01	INFO	ImageAnalysis::_summary+	Image type       : PagedImage
2020-06-16 17:45:01	INFO	ImageAnalysis::_summary+	Image quantity   : Intensity
2020-06-16 17:45:01	INFO	ImageAnalysis::_summary+	Pixel mask(s)    : mask0
2020-06-16 17:45:01	INFO	ImageAnalysis::_summary+	Region(s)        : None
2020-06-16 17:45:01	INFO	ImageAnalysis::_summary+	Image units      : Jy/beam
2020-06-16 17:45:01	INFO	ImageAnalysis::_summary+	Restoring Beam   : 1.15797 arcsec, 0.960766 arcsec, -88.1568 deg
2020-06-16 17:45:01	INFO	ImageAnalysis::_summary	
2020-06-16 17:45:01	INFO	ImageAnalysis::_summary+	Direction reference : J2000
2020-06-16 17:45:01	INFO	ImageAnalysis::_summary+	Spectral  reference : LSRK
2020-06-16 17:45:01	INFO	ImageAnalysis::_summary+	Velocity  type      : RADIO
2020-06-16 17:45:01	INFO	ImageAnalysis::_summary+	Rest frequency      : 2.75101e+11 Hz
2020-06-16 17:45:01	INFO	ImageAnalysis::_summary+	Pointing center     :  03:30:59.181545  -27.46.03.171728
2020-06-16 17:45:01	INFO	ImageAnalysis::_summary+	Telescope           : ALMA
2020-06-16 17:45:01	INFO	ImageAnalysis::_summary+	Observer            : CASA simulator
2020-06-16 17:45:01	INFO	ImageAnalysis::_summary+	Date observation    : 2014/01/01/01:11:00
2020-06-16 17:45:01	INFO	ImageAnalysis::_summary+	Telescope position: [2.22514e+06m, -5.44031e+06m, -2.48103e+06m] (ITRF)
2020-06-16 17:45:01	INFO	ImageAnalysis::_summary+	
2020-06-16 17:45:01	INFO	ImageAnalysis::_summary+	Axis Coord Type      Name             Proj Shape Tile   Coord value at pixel        Coord incr Units
2020-06-16 17:45:01	INFO	ImageAnalysis::_summary+	---------------------------------------------------------------------------------------------------- 
2020-06-16 17:45:01	INFO	ImageAnalysis::_summary+	0    0     Direction Right Ascension   SIN    24   24  03:30:59.182    12.00     -2.500000e-01 arcsec
2020-06-16 17:45:01	INFO	ImageAnalysis::_summary+	1    0     Direction Declination       SIN    24   24 -27.46.03.172    12.00      2.500000e-01 arcsec
2020-06-16 17:45:01	INFO	ImageAnalysis::_summary+	2    1     Stokes    Stokes                    1    1             I
2020-06-16 17:45:01	INFO	ImageAnalysis::_summary+	3    2     Spectral  Frequency               146  146   2.79095e+11     0.00 -2.7529173188e+07 Hz
2020-06-16 17:45:01	INFO	ImageAnalysis::_summary+	                     Velocity                               -4352.1     0.00      3.000000e+01 km/s
2020-06-16 17:45:01	INFO	ImageAnalysis::_summary	
2020-06-16 17:45:01	INFO	ImageAnalysis::_summary+	Image name       : extendedExampleCube_36654.image
2020-06-16 17:45:01	INFO	ImageAnalysis::_summary+	Object name      : extendedExampleCube_36654.alma.cycle6.2_0
2020-06-16 17:45:01	INFO	ImageAnalysis::_summary+	Image type       : PagedImage
2020-06-16 17:45:01	INFO	ImageAnalysis::_summary+	Image quantity   : Intensity
2020-06-16 17:45:01	INFO	ImageAnalysis::_summary+	Pixel mask(s)    : mask0
2020-06-16 17:45:01	INFO	ImageAnalysis::_summary+	Region(s)        : None
2020-06-16 17:45:01	INFO	ImageAnalysis::_summary+	Image units      : Jy/beam
2020-06-16 17:45:01	INFO	ImageAnalysis::_summary+	Restoring Beam   : 1.1632 arcsec, 0.965284 arcsec, -88.1629 deg
2020-06-16 17:45:01	INFO	ImageAnalysis::_summary	
2020-06-16 17:45:01	INFO	ImageAnalysis::_summary+	Direction reference : J2000
2020-06-16 17:45:01	INFO	ImageAnalysis::_summary+	Spectral  reference : LSRK
2020-06-16 17:45:01	INFO	ImageAnalysis::_summary+	Velocity  type      : RADIO
2020-06-16 17:45:01	INFO	ImageAnalysis::_summary+	Rest frequency      : 2.73804e+11 Hz
2020-06-16 17:45:01	INFO	ImageAnalysis::_summary+	Pointing center     :  03:30:52.118334  -27.43.20.183992
2020-06-16 17:45:01	INFO	ImageAnalysis::_summary+	Telescope           : ALMA
2020-06-16 17:45:01	INFO	ImageAnalysis::_summary+	Observer            : CASA simulator
2020-06-16 17:45:01	INFO	ImageAnalysis::_summary+	Date observation    : 2014/01/01/01:10:53
2020-06-16 17:45:01	INFO	ImageAnalysis::_summary+	Telescope position: [2.22514e+06m, -5.44031e+06m, -2.48103e+06m] (ITRF)
2020-06-16 17:45:01	INFO	ImageAnalysis::_summary+	
2020-06-16 17:45:01	INFO	ImageAnalysis::_summary+	Axis Coord Type      Name             Proj Shape Tile   Coord value at pixel        Coord incr Units
2020-06-16 17:45:01	INFO	ImageAnalysis::_summary+	---------------------------------------------------------------------------------------------------- 
2020-06-16 17:45:01	INFO	ImageAnalysis::_summary+	0    0     Direction Right Ascension   SIN    24   24  03:30:52.118    12.00     -2.500000e-01 arcsec
2020-06-16 17:45:01	INFO	ImageAnalysis::_summary+	1    0     Direction Declination       SIN    24   24 -27.43.20.184    12.00      2.500000e-01 arcsec
2020-06-16 17:45:01	INFO	ImageAnalysis::_summary+	2    1     Stokes    Stokes                    1    1             I
2020-06-16 17:45:01	INFO	ImageAnalysis::_summary+	3    2     Spectral  Frequency               146  146   2.77778e+11     0.00 -2.7399316887e+07 Hz
2020-06-16 17:45:01	INFO	ImageAnalysis::_summary+	                     Velocity                              -4352.04     0.00      3.000000e+01 km/s
2020-06-16 17:45:01	INFO	ImageAnalysis::_summary	
2020-06-16 17:45:01	INFO	ImageAnalysis::_summary+	Image name       : extendedExampleCube_36985.image
2020-06-16 17:45:01	INFO	ImageAnalysis::_summary+	Object name      : extendedExampleCube_36985.alma.cycle6.2_0
2020-06-16 17:45:01	INFO	ImageAnalysis::_summary+	Image type       : PagedImage
2020-06-16 17:45:01	INFO	ImageAnalysis::_summary+	Image quantity   : Intensity
2020-06-16 17:45:01	INFO	ImageAnalysis::_summary+	Pixel mask(s)    : mask0
2020-06-16 17:45:01	INFO	ImageAnalysis::_summary+	Region(s)        : None
2020-06-16 17:45:01	INFO	ImageAnalysis::_summary+	Image units      : Jy/beam
2020-06-16 17:45:01	INFO	ImageAnalysis::_summary+	Restoring Beam   : 1.16586 arcsec, 0.967544 arcsec, -88.1654 deg
2020-06-16 17:45:01	INFO	ImageAnalysis::_summary	
2020-06-16 17:45:01	INFO	ImageAnalysis::_summary+	Direction reference : J2000
2020-06-16 17:45:01	INFO	ImageAnalysis::_summary+	Spectral  reference : LSRK
2020-06-16 17:45:01	INFO	ImageAnalysis::_summary+	Velocity  type      : RADIO
2020-06-16 17:45:01	INFO	ImageAnalysis::_summary+	Rest frequency      : 2.73155e+11 Hz
2020-06-16 17:45:01	INFO	ImageAnalysis::_summary+	Pointing center     :  03:30:45.656162  -27.41.07.897915
2020-06-16 17:45:01	INFO	ImageAnalysis::_summary+	Telescope           : ALMA
2020-06-16 17:45:01	INFO	ImageAnalysis::_summary+	Observer            : CASA simulator
2020-06-16 17:45:01	INFO	ImageAnalysis::_summary+	Date observation    : 2014/01/01/01:10:47
2020-06-16 17:45:01	INFO	ImageAnalysis::_summary+	Telescope position: [2.22514e+06m, -5.44031e+06m, -2.48103e+06m] (ITRF)
2020-06-16 17:45:01	INFO	ImageAnalysis::_summary+	
2020-06-16 17:45:01	INFO	ImageAnalysis::_summary+	Axis Coord Type      Name             Proj Shape Tile   Coord value at pixel        Coord incr Units
2020-06-16 17:45:01	INFO	ImageAnalysis::_summary+	---------------------------------------------------------------------------------------------------- 
2020-06-16 17:45:01	INFO	ImageAnalysis::_summary+	0    0     Direction Right Ascension   SIN    24   24  03:30:45.656    12.00     -2.500000e-01 arcsec
2020-06-16 17:45:01	INFO	ImageAnalysis::_summary+	1    0     Direction Declination       SIN    24   24 -27.41.07.898    12.00      2.500000e-01 arcsec
2020-06-16 17:45:01	INFO	ImageAnalysis::_summary+	2    1     Stokes    Stokes                    1    1             I
2020-06-16 17:45:01	INFO	ImageAnalysis::_summary+	3    2     Spectral  Frequency               147  147   2.77147e+11     0.00 -2.7334378287e+07 Hz
2020-06-16 17:45:01	INFO	ImageAnalysis::_summary+	                     Velocity                              -4382.01     0.00      3.000000e+01 km/s
2020-06-16 17:45:01	INFO	ImageAnalysis::_summary	
2020-06-16 17:45:01	INFO	ImageAnalysis::_summary+	Image name       : extendedExampleCube_37425.image
2020-06-16 17:45:01	INFO	ImageAnalysis::_summary+	Object name      : extendedExampleCube_37425.alma.cycle6.2_0
2020-06-16 17:45:01	INFO	ImageAnalysis::_summary+	Image type       : PagedImage
2020-06-16 17:45:01	INFO	ImageAnalysis::_summary+	Image quantity   : Intensity
2020-06-16 17:45:01	INFO	ImageAnalysis::_summary+	Pixel mask(s)    : mask0
2020-06-16 17:45:01	INFO	ImageAnalysis::_summary+	Region(s)        : None
2020-06-16 17:45:01	INFO	ImageAnalysis::_summary+	Image units      : Jy/beam
2020-06-16 17:45:01	INFO	ImageAnalysis::_summary+	Restoring Beam   : 1.165 arcsec, 0.96678 arcsec, -88.1642 deg
2020-06-16 17:45:01	INFO	ImageAnalysis::_summary	
2020-06-16 17:45:01	INFO	ImageAnalysis::_summary+	Direction reference : J2000
2020-06-16 17:45:01	INFO	ImageAnalysis::_summary+	Spectral  reference : LSRK
2020-06-16 17:45:01	INFO	ImageAnalysis::_summary+	Velocity  type      : RADIO
2020-06-16 17:45:01	INFO	ImageAnalysis::_summary+	Rest frequency      : 2.73363e+11 Hz
2020-06-16 17:45:01	INFO	ImageAnalysis::_summary+	Pointing center     :  03:31:00.282835  -27.39.39.208979
2020-06-16 17:45:01	INFO	ImageAnalysis::_summary+	Telescope           : ALMA
2020-06-16 17:45:01	INFO	ImageAnalysis::_summary+	Observer            : CASA simulator
2020-06-16 17:45:01	INFO	ImageAnalysis::_summary+	Date observation    : 2014/01/01/01:11:01
2020-06-16 17:45:01	INFO	ImageAnalysis::_summary+	Telescope position: [2.22514e+06m, -5.44031e+06m, -2.48103e+06m] (ITRF)
2020-06-16 17:45:01	INFO	ImageAnalysis::_summary+	
2020-06-16 17:45:01	INFO	ImageAnalysis::_summary+	Axis Coord Type      Name             Proj Shape Tile   Coord value at pixel        Coord incr Units
2020-06-16 17:45:01	INFO	ImageAnalysis::_summary+	---------------------------------------------------------------------------------------------------- 
2020-06-16 17:45:01	INFO	ImageAnalysis::_summary+	0    0     Direction Right Ascension   SIN    24   24  03:31:00.283    12.00     -2.500000e-01 arcsec
2020-06-16 17:45:01	INFO	ImageAnalysis::_summary+	1    0     Direction Declination       SIN    24   24 -27.39.39.209    12.00      2.500000e-01 arcsec
2020-06-16 17:45:01	INFO	ImageAnalysis::_summary+	2    1     Stokes    Stokes                    1    1             I
2020-06-16 17:45:01	INFO	ImageAnalysis::_summary+	3    2     Spectral  Frequency               147  147   2.77359e+11     0.00 -2.7355235021e+07 Hz
2020-06-16 17:45:01	INFO	ImageAnalysis::_summary+	                     Velocity                              -4382.02     0.00      3.000000e+01 km/s
2020-06-16 17:45:01	INFO	ImageAnalysis::_summary	
2020-06-16 17:45:01	INFO	ImageAnalysis::_summary+	Image name       : extendedExampleCube_43065.image
2020-06-16 17:45:01	INFO	ImageAnalysis::_summary+	Object name      : extendedExampleCube_43065.alma.cycle6.2_0
2020-06-16 17:45:01	INFO	ImageAnalysis::_summary+	Image type       : PagedImage
2020-06-16 17:45:01	INFO	ImageAnalysis::_summary+	Image quantity   : Intensity
2020-06-16 17:45:01	INFO	ImageAnalysis::_summary+	Pixel mask(s)    : mask0
2020-06-16 17:45:01	INFO	ImageAnalysis::_summary+	Region(s)        : None
2020-06-16 17:45:01	INFO	ImageAnalysis::_summary+	Image units      : Jy/beam
2020-06-16 17:45:01	INFO	ImageAnalysis::_summary+	Restoring Beam   : 1.1681 arcsec, 0.969442 arcsec, -88.1669 deg
2020-06-16 17:45:01	INFO	ImageAnalysis::_summary	
2020-06-16 17:45:01	INFO	ImageAnalysis::_summary+	Direction reference : J2000
2020-06-16 17:45:01	INFO	ImageAnalysis::_summary+	Spectral  reference : LSRK
2020-06-16 17:45:01	INFO	ImageAnalysis::_summary+	Velocity  type      : RADIO
2020-06-16 17:45:01	INFO	ImageAnalysis::_summary+	Rest frequency      : 2.72609e+11 Hz
2020-06-16 17:45:01	INFO	ImageAnalysis::_summary+	Pointing center     :  03:31:32.345735  -27.38.26.316400
2020-06-16 17:45:01	INFO	ImageAnalysis::_summary+	Telescope           : ALMA
2020-06-16 17:45:01	INFO	ImageAnalysis::_summary+	Observer            : CASA simulator
2020-06-16 17:45:01	INFO	ImageAnalysis::_summary+	Date observation    : 2014/01/01/01:11:33
2020-06-16 17:45:01	INFO	ImageAnalysis::_summary+	Telescope position: [2.22514e+06m, -5.44031e+06m, -2.48103e+06m] (ITRF)
2020-06-16 17:45:01	INFO	ImageAnalysis::_summary+	
2020-06-16 17:45:01	INFO	ImageAnalysis::_summary+	Axis Coord Type      Name             Proj Shape Tile   Coord value at pixel        Coord incr Units
2020-06-16 17:45:01	INFO	ImageAnalysis::_summary+	---------------------------------------------------------------------------------------------------- 
2020-06-16 17:45:01	INFO	ImageAnalysis::_summary+	0    0     Direction Right Ascension   SIN    24   24  03:31:32.346    12.00     -2.500000e-01 arcsec
2020-06-16 17:45:01	INFO	ImageAnalysis::_summary+	1    0     Direction Declination       SIN    24   24 -27.38.26.316    12.00      2.500000e-01 arcsec
2020-06-16 17:45:01	INFO	ImageAnalysis::_summary+	2    1     Stokes    Stokes                    1    1             I
2020-06-16 17:45:01	INFO	ImageAnalysis::_summary+	3    2     Spectral  Frequency               147  147   2.76594e+11     0.00 -2.7279778161e+07 Hz
2020-06-16 17:45:01	INFO	ImageAnalysis::_summary+	                     Velocity                              -4381.99     0.00      3.000000e+01 km/s
2020-06-16 17:45:01	INFO	ImageAnalysis::_summary	
2020-06-16 17:45:01	INFO	ImageAnalysis::_summary+	Image name       : extendedExampleCube_45475.image
2020-06-16 17:45:01	INFO	ImageAnalysis::_summary+	Object name      : extendedExampleCube_45475.alma.cycle6.2_0
2020-06-16 17:45:01	INFO	ImageAnalysis::_summary+	Image type       : PagedImage
2020-06-16 17:45:01	INFO	ImageAnalysis::_summary+	Image quantity   : Intensity
2020-06-16 17:45:01	INFO	ImageAnalysis::_summary+	Pixel mask(s)    : mask0
2020-06-16 17:45:01	INFO	ImageAnalysis::_summary+	Region(s)        : None
2020-06-16 17:45:01	INFO	ImageAnalysis::_summary+	Image units      : Jy/beam
2020-06-16 17:45:01	INFO	ImageAnalysis::_summary+	Restoring Beam   : 1.16317 arcsec, 0.96525 arcsec, -88.1629 deg
2020-06-16 17:45:01	INFO	ImageAnalysis::_summary	
2020-06-16 17:45:01	INFO	ImageAnalysis::_summary+	Direction reference : J2000
2020-06-16 17:45:01	INFO	ImageAnalysis::_summary+	Spectral  reference : LSRK
2020-06-16 17:45:01	INFO	ImageAnalysis::_summary+	Velocity  type      : RADIO
2020-06-16 17:45:01	INFO	ImageAnalysis::_summary+	Rest frequency      : 2.73813e+11 Hz
2020-06-16 17:45:01	INFO	ImageAnalysis::_summary+	Pointing center     :  03:30:47.022512  -27.43.18.388112
2020-06-16 17:45:01	INFO	ImageAnalysis::_summary+	Telescope           : ALMA
2020-06-16 17:45:01	INFO	ImageAnalysis::_summary+	Observer            : CASA simulator
2020-06-16 17:45:01	INFO	ImageAnalysis::_summary+	Date observation    : 2014/01/01/01:10:48
2020-06-16 17:45:01	INFO	ImageAnalysis::_summary+	Telescope position: [2.22514e+06m, -5.44031e+06m, -2.48103e+06m] (ITRF)
2020-06-16 17:45:01	INFO	ImageAnalysis::_summary+	
2020-06-16 17:45:01	INFO	ImageAnalysis::_summary+	Axis Coord Type      Name             Proj Shape Tile   Coord value at pixel        Coord incr Units
2020-06-16 17:45:01	INFO	ImageAnalysis::_summary+	---------------------------------------------------------------------------------------------------- 
2020-06-16 17:45:01	INFO	ImageAnalysis::_summary+	0    0     Direction Right Ascension   SIN    24   24  03:30:47.023    12.00     -2.500000e-01 arcsec
2020-06-16 17:45:01	INFO	ImageAnalysis::_summary+	1    0     Direction Declination       SIN    24   24 -27.43.18.388    12.00      2.500000e-01 arcsec
2020-06-16 17:45:01	INFO	ImageAnalysis::_summary+	2    1     Stokes    Stokes                    1    1             I
2020-06-16 17:45:01	INFO	ImageAnalysis::_summary+	3    2     Spectral  Frequency               146  146   2.77788e+11     0.00 -2.7400243403e+07 Hz
2020-06-16 17:45:01	INFO	ImageAnalysis::_summary+	                     Velocity                              -4352.04     0.00      3.000000e+01 km/s
2020-06-16 17:45:01	INFO	ImageAnalysis::_summary	
2020-06-16 17:45:01	INFO	ImageAnalysis::_summary+	Image name       : extendedExampleCube_46708.image
2020-06-16 17:45:01	INFO	ImageAnalysis::_summary+	Object name      : extendedExampleCube_46708.alma.cycle6.2_0
2020-06-16 17:45:01	INFO	ImageAnalysis::_summary+	Image type       : PagedImage
2020-06-16 17:45:01	INFO	ImageAnalysis::_summary+	Image quantity   : Intensity
2020-06-16 17:45:01	INFO	ImageAnalysis::_summary+	Pixel mask(s)    : mask0
2020-06-16 17:45:01	INFO	ImageAnalysis::_summary+	Region(s)        : None
2020-06-16 17:45:01	INFO	ImageAnalysis::_summary+	Image units      : Jy/beam
2020-06-16 17:45:01	INFO	ImageAnalysis::_summary+	Restoring Beam   : 1.16709 arcsec, 0.968702 arcsec, -88.1671 deg
2020-06-16 17:45:01	INFO	ImageAnalysis::_summary	
2020-06-16 17:45:01	INFO	ImageAnalysis::_summary+	Direction reference : J2000
2020-06-16 17:45:01	INFO	ImageAnalysis::_summary+	Spectral  reference : LSRK
2020-06-16 17:45:01	INFO	ImageAnalysis::_summary+	Velocity  type      : RADIO
2020-06-16 17:45:01	INFO	ImageAnalysis::_summary+	Rest frequency      : 2.72851e+11 Hz
2020-06-16 17:45:01	INFO	ImageAnalysis::_summary+	Pointing center     :  03:30:53.641124  -27.43.41.492595
2020-06-16 17:45:01	INFO	ImageAnalysis::_summary+	Telescope           : ALMA
2020-06-16 17:45:01	INFO	ImageAnalysis::_summary+	Observer            : CASA simulator
2020-06-16 17:45:01	INFO	ImageAnalysis::_summary+	Date observation    : 2014/01/01/01:10:55
2020-06-16 17:45:01	INFO	ImageAnalysis::_summary+	Telescope position: [2.22514e+06m, -5.44031e+06m, -2.48103e+06m] (ITRF)
2020-06-16 17:45:01	INFO	ImageAnalysis::_summary+	
2020-06-16 17:45:01	INFO	ImageAnalysis::_summary+	Axis Coord Type      Name             Proj Shape Tile   Coord value at pixel        Coord incr Units
2020-06-16 17:45:01	INFO	ImageAnalysis::_summary+	---------------------------------------------------------------------------------------------------- 
2020-06-16 17:45:01	INFO	ImageAnalysis::_summary+	0    0     Direction Right Ascension   SIN    24   24  03:30:53.641    12.00     -2.500000e-01 arcsec
2020-06-16 17:45:01	INFO	ImageAnalysis::_summary+	1    0     Direction Declination       SIN    24   24 -27.43.41.493    12.00      2.500000e-01 arcsec
2020-06-16 17:45:01	INFO	ImageAnalysis::_summary+	2    1     Stokes    Stokes                    1    1             I
2020-06-16 17:45:01	INFO	ImageAnalysis::_summary+	3    2     Spectral  Frequency               147  147   2.76839e+11     0.00 -2.7304001577e+07 Hz
2020-06-16 17:45:01	INFO	ImageAnalysis::_summary+	                     Velocity                                 -4382     0.00      3.000000e+01 km/s
2020-06-16 17:45:01	INFO	ImageAnalysis::_summary	
2020-06-16 17:45:01	INFO	ImageAnalysis::_summary+	Image name       : extendedExampleCube_49304.image
2020-06-16 17:45:01	INFO	ImageAnalysis::_summary+	Object name      : extendedExampleCube_49304.alma.cycle6.2_0
2020-06-16 17:45:01	INFO	ImageAnalysis::_summary+	Image type       : PagedImage
2020-06-16 17:45:01	INFO	ImageAnalysis::_summary+	Image quantity   : Intensity
2020-06-16 17:45:01	INFO	ImageAnalysis::_summary+	Pixel mask(s)    : mask0
2020-06-16 17:45:01	INFO	ImageAnalysis::_summary+	Region(s)        : None
2020-06-16 17:45:01	INFO	ImageAnalysis::_summary+	Image units      : Jy/beam
2020-06-16 17:45:01	INFO	ImageAnalysis::_summary+	Restoring Beam   : 1.16787 arcsec, 0.969216 arcsec, -88.1664 deg
2020-06-16 17:45:01	INFO	ImageAnalysis::_summary	
2020-06-16 17:45:01	INFO	ImageAnalysis::_summary+	Direction reference : J2000
2020-06-16 17:45:01	INFO	ImageAnalysis::_summary+	Spectral  reference : LSRK
2020-06-16 17:45:01	INFO	ImageAnalysis::_summary+	Velocity  type      : RADIO
2020-06-16 17:45:01	INFO	ImageAnalysis::_summary+	Rest frequency      : 2.72663e+11 Hz
2020-06-16 17:45:01	INFO	ImageAnalysis::_summary+	Pointing center     :  03:30:50.913926  -27.37.05.829901
2020-06-16 17:45:01	INFO	ImageAnalysis::_summary+	Telescope           : ALMA
2020-06-16 17:45:01	INFO	ImageAnalysis::_summary+	Observer            : CASA simulator
2020-06-16 17:45:01	INFO	ImageAnalysis::_summary+	Date observation    : 2014/01/01/01:10:52
2020-06-16 17:45:01	INFO	ImageAnalysis::_summary+	Telescope position: [2.22514e+06m, -5.44031e+06m, -2.48103e+06m] (ITRF)
2020-06-16 17:45:01	INFO	ImageAnalysis::_summary+	
2020-06-16 17:45:01	INFO	ImageAnalysis::_summary+	Axis Coord Type      Name             Proj Shape Tile   Coord value at pixel        Coord incr Units
2020-06-16 17:45:01	INFO	ImageAnalysis::_summary+	---------------------------------------------------------------------------------------------------- 
2020-06-16 17:45:01	INFO	ImageAnalysis::_summary+	0    0     Direction Right Ascension   SIN    24   24  03:30:50.914    12.00     -2.500000e-01 arcsec
2020-06-16 17:45:01	INFO	ImageAnalysis::_summary+	1    0     Direction Declination       SIN    24   24 -27.37.05.830    12.00      2.500000e-01 arcsec
2020-06-16 17:45:01	INFO	ImageAnalysis::_summary+	2    1     Stokes    Stokes                    1    1             I
2020-06-16 17:45:01	INFO	ImageAnalysis::_summary+	3    2     Spectral  Frequency               147  147   2.76648e+11     0.00 -2.7285160661e+07 Hz
2020-06-16 17:45:01	INFO	ImageAnalysis::_summary+	                     Velocity                              -4381.99     0.00      3.000000e+01 km/s
2020-06-16 17:45:01	INFO	ImageAnalysis::_summary	
2020-06-16 17:45:01	INFO	ImageAnalysis::_summary+	Image name       : extendedExampleCube_49860.image
2020-06-16 17:45:01	INFO	ImageAnalysis::_summary+	Object name      : extendedExampleCube_49860.alma.cycle6.2_0
2020-06-16 17:45:01	INFO	ImageAnalysis::_summary+	Image type       : PagedImage
2020-06-16 17:45:01	INFO	ImageAnalysis::_summary+	Image quantity   : Intensity
2020-06-16 17:45:01	INFO	ImageAnalysis::_summary+	Pixel mask(s)    : mask0
2020-06-16 17:45:01	INFO	ImageAnalysis::_summary+	Region(s)        : None
2020-06-16 17:45:01	INFO	ImageAnalysis::_summary+	Image units      : Jy/beam
2020-06-16 17:45:01	INFO	ImageAnalysis::_summary+	Restoring Beam   : 1.15899 arcsec, 0.961521 arcsec, -88.1562 deg
2020-06-16 17:45:01	INFO	ImageAnalysis::_summary	
2020-06-16 17:45:01	INFO	ImageAnalysis::_summary+	Direction reference : J2000
2020-06-16 17:45:01	INFO	ImageAnalysis::_summary+	Spectral  reference : LSRK
2020-06-16 17:45:01	INFO	ImageAnalysis::_summary+	Velocity  type      : RADIO
2020-06-16 17:45:01	INFO	ImageAnalysis::_summary+	Rest frequency      : 2.74842e+11 Hz
2020-06-16 17:45:01	INFO	ImageAnalysis::_summary+	Pointing center     :  03:30:52.802363  -27.39.48.115040
2020-06-16 17:45:01	INFO	ImageAnalysis::_summary+	Telescope           : ALMA
2020-06-16 17:45:01	INFO	ImageAnalysis::_summary+	Observer            : CASA simulator
2020-06-16 17:45:01	INFO	ImageAnalysis::_summary+	Date observation    : 2014/01/01/01:10:54
2020-06-16 17:45:01	INFO	ImageAnalysis::_summary+	Telescope position: [2.22514e+06m, -5.44031e+06m, -2.48103e+06m] (ITRF)
2020-06-16 17:45:01	INFO	ImageAnalysis::_summary+	
2020-06-16 17:45:01	INFO	ImageAnalysis::_summary+	Axis Coord Type      Name             Proj Shape Tile   Coord value at pixel        Coord incr Units
2020-06-16 17:45:01	INFO	ImageAnalysis::_summary+	---------------------------------------------------------------------------------------------------- 
2020-06-16 17:45:01	INFO	ImageAnalysis::_summary+	0    0     Direction Right Ascension   SIN    24   24  03:30:52.802    12.00     -2.500000e-01 arcsec
2020-06-16 17:45:01	INFO	ImageAnalysis::_summary+	1    0     Direction Declination       SIN    24   24 -27.39.48.115    12.00      2.500000e-01 arcsec
2020-06-16 17:45:01	INFO	ImageAnalysis::_summary+	2    1     Stokes    Stokes                    1    1             I
2020-06-16 17:45:01	INFO	ImageAnalysis::_summary+	3    2     Spectral  Frequency               146  146   2.78832e+11     0.00 -2.7503254467e+07 Hz
2020-06-16 17:45:01	INFO	ImageAnalysis::_summary+	                     Velocity                              -4352.09     0.00      3.000000e+01 km/s
2020-06-16 17:45:01	INFO	ImageAnalysis::_summary	
2020-06-16 17:45:01	INFO	ImageAnalysis::_summary+	Image name       : extendedExampleCube_51830.image
2020-06-16 17:45:01	INFO	ImageAnalysis::_summary+	Object name      : extendedExampleCube_51830.alma.cycle6.2_0
2020-06-16 17:45:01	INFO	ImageAnalysis::_summary+	Image type       : PagedImage
2020-06-16 17:45:01	INFO	ImageAnalysis::_summary+	Image quantity   : Intensity
2020-06-16 17:45:01	INFO	ImageAnalysis::_summary+	Pixel mask(s)    : mask0
2020-06-16 17:45:01	INFO	ImageAnalysis::_summary+	Region(s)        : None
2020-06-16 17:45:01	INFO	ImageAnalysis::_summary+	Image units      : Jy/beam
2020-06-16 17:45:01	INFO	ImageAnalysis::_summary+	Restoring Beam   : 1.16459 arcsec, 0.966425 arcsec, -88.1632 deg
2020-06-16 17:45:01	INFO	ImageAnalysis::_summary	
2020-06-16 17:45:01	INFO	ImageAnalysis::_summary+	Direction reference : J2000
2020-06-16 17:45:01	INFO	ImageAnalysis::_summary+	Spectral  reference : LSRK
2020-06-16 17:45:01	INFO	ImageAnalysis::_summary+	Velocity  type      : RADIO
2020-06-16 17:45:01	INFO	ImageAnalysis::_summary+	Rest frequency      : 2.73462e+11 Hz
2020-06-16 17:45:01	INFO	ImageAnalysis::_summary+	Pointing center     :  03:30:57.572416  -27.39.27.470941
2020-06-16 17:45:01	INFO	ImageAnalysis::_summary+	Telescope           : ALMA
2020-06-16 17:45:01	INFO	ImageAnalysis::_summary+	Observer            : CASA simulator
2020-06-16 17:45:01	INFO	ImageAnalysis::_summary+	Date observation    : 2014/01/01/01:10:59
2020-06-16 17:45:01	INFO	ImageAnalysis::_summary+	Telescope position: [2.22514e+06m, -5.44031e+06m, -2.48103e+06m] (ITRF)
2020-06-16 17:45:01	INFO	ImageAnalysis::_summary+	
2020-06-16 17:45:01	INFO	ImageAnalysis::_summary+	Axis Coord Type      Name             Proj Shape Tile   Coord value at pixel        Coord incr Units
2020-06-16 17:45:01	INFO	ImageAnalysis::_summary+	---------------------------------------------------------------------------------------------------- 
2020-06-16 17:45:01	INFO	ImageAnalysis::_summary+	0    0     Direction Right Ascension   SIN    24   24  03:30:57.572    12.00     -2.500000e-01 arcsec
2020-06-16 17:45:01	INFO	ImageAnalysis::_summary+	1    0     Direction Declination       SIN    24   24 -27.39.27.471    12.00      2.500000e-01 arcsec
2020-06-16 17:45:01	INFO	ImageAnalysis::_summary+	2    1     Stokes    Stokes                    1    1             I
2020-06-16 17:45:01	INFO	ImageAnalysis::_summary+	3    2     Spectral  Frequency               147  147   2.77459e+11     0.00 -2.7365124557e+07 Hz
2020-06-16 17:45:01	INFO	ImageAnalysis::_summary+	                     Velocity                              -4382.03     0.00      3.000000e+01 km/s
2020-06-16 17:45:01	INFO		Created Paged image 'stackResult.image' of shape [8, 8, 1, 147] with float valued pixels.
2020-06-16 17:45:01	INFO	line-stacker::::	##### End Task: stacker              #####
2020-06-16 17:45:01	INFO	line-stacker::::	##########################################
2020-06-16 17:45:03	INFO		Created Paged image '/home/oso/pylibs/LineStacker/Example/cube/dataExtended/extendedExampleCube_31839_SpectralRebinned.image' of shape [24, 24, 1, 94] with float valued pixels.
2020-06-16 17:45:03	INFO	SubImageFactory::createImage	Creating image '/home/oso/pylibs/LineStacker/Example/cube/dataExtended/extendedExampleCube_32688_SpectralRebinned.image' of shape [24, 24, 1, 146]
2020-06-16 17:45:03	INFO		Created Paged image '/home/oso/pylibs/LineStacker/Example/cube/dataExtended/extendedExampleCube_36654_SpectralRebinned.image' of shape [24, 24, 1, 28] with float valued pixels.
2020-06-16 17:45:03	INFO		Created Paged image '/home/oso/pylibs/LineStacker/Example/cube/dataExtended/extendedExampleCube_36985_SpectralRebinned.image' of shape [24, 24, 1, 48] with float valued pixels.
2020-06-16 17:45:03	INFO		Created Paged image '/home/oso/pylibs/LineStacker/Example/cube/dataExtended/extendedExampleCube_37425_SpectralRebinned.image' of shape [24, 24, 1, 19] with float valued pixels.
2020-06-16 17:45:03	INFO		Created Paged image '/home/oso/pylibs/LineStacker/Example/cube/dataExtended/extendedExampleCube_43065_SpectralRebinned.image' of shape [24, 24, 1, 60] with float valued pixels.
2020-06-16 17:45:03	INFO		Created Paged image '/home/oso/pylibs/LineStacker/Example/cube/dataExtended/extendedExampleCube_45475_SpectralRebinned.image' of shape [24, 24, 1, 114] with float valued pixels.
2020-06-16 17:45:03	INFO		Created Paged image '/home/oso/pylibs/LineStacker/Example/cube/dataExtended/extendedExampleCube_46708_SpectralRebinned.image' of shape [24, 24, 1, 137] with float valued pixels.
2020-06-16 17:45:03	INFO		Created Paged image '/home/oso/pylibs/LineStacker/Example/cube/dataExtended/extendedExampleCube_49304_SpectralRebinned.image' of shape [24, 24, 1, 33] with float valued pixels.
2020-06-16 17:45:03	INFO		Created Paged image '/home/oso/pylibs/LineStacker/Example/cube/dataExtended/extendedExampleCube_49860_SpectralRebinned.image' of shape [24, 24, 1, 49] with float valued pixels.
2020-06-16 17:45:03	INFO		Created Paged image '/home/oso/pylibs/LineStacker/Example/cube/dataExtended/extendedExampleCube_51830_SpectralRebinned.image' of shape [24, 24, 1, 116] with float valued pixels.
2020-06-16 17:45:03	INFO	ImageAnalysis::_summary	
2020-06-16 17:45:03	INFO	ImageAnalysis::_summary+	Image name       : extendedExampleCube_31839_SpectralRebinned.image
2020-06-16 17:45:03	INFO	ImageAnalysis::_summary+	Object name      : 
2020-06-16 17:45:03	INFO	ImageAnalysis::_summary+	Image type       : PagedImage
2020-06-16 17:45:03	INFO	ImageAnalysis::_summary+	Image quantity   : Intensity
2020-06-16 17:45:03	INFO	ImageAnalysis::_summary+	Pixel mask(s)    : None
2020-06-16 17:45:03	INFO	ImageAnalysis::_summary+	Region(s)        : None
2020-06-16 17:45:03	INFO	ImageAnalysis::_summary	
2020-06-16 17:45:03	INFO	ImageAnalysis::_summary+	Direction reference : J2000
2020-06-16 17:45:03	INFO	ImageAnalysis::_summary+	Spectral  reference : LSRK
2020-06-16 17:45:03	INFO	ImageAnalysis::_summary+	Velocity  type      : RADIO
2020-06-16 17:45:03	INFO	ImageAnalysis::_summary+	Rest frequency      : 2.72818e+11 Hz
2020-06-16 17:45:03	INFO	ImageAnalysis::_summary+	Pointing center     :  03:30:55.215729  -27.44.56.979221
2020-06-16 17:45:03	INFO	ImageAnalysis::_summary+	Telescope           : ALMA
2020-06-16 17:45:03	INFO	ImageAnalysis::_summary+	Observer            : CASA simulator
2020-06-16 17:45:03	INFO	ImageAnalysis::_summary+	Date observation    : 2014/01/01/01:10:56
2020-06-16 17:45:03	INFO	ImageAnalysis::_summary+	Telescope position: [2.22514e+06m, -5.44031e+06m, -2.48103e+06m] (ITRF)
2020-06-16 17:45:03	INFO	ImageAnalysis::_summary+	
2020-06-16 17:45:03	INFO	ImageAnalysis::_summary+	Axis Coord Type      Name             Proj Shape Tile   Coord value at pixel        Coord incr Units
2020-06-16 17:45:03	INFO	ImageAnalysis::_summary+	---------------------------------------------------------------------------------------------------- 
2020-06-16 17:45:03	INFO	ImageAnalysis::_summary+	0    0     Direction Right Ascension   SIN    24   24  03:30:55.216    12.00     -2.500000e-01 arcsec
2020-06-16 17:45:03	INFO	ImageAnalysis::_summary+	1    0     Direction Declination       SIN    24   24 -27.44.56.979    12.00      2.500000e-01 arcsec
2020-06-16 17:45:03	INFO	ImageAnalysis::_summary+	2    1     Stokes    Stokes                    1    1             I
2020-06-16 17:45:03	INFO	ImageAnalysis::_summary+	3    2     Spectral  Frequency                94   94   2.76805e+11     0.00 -4.2693583803e+07 Hz
2020-06-16 17:45:03	INFO	ImageAnalysis::_summary+	                     Velocity                                 -4382     0.00      4.691489e+01 km/s
2020-06-16 17:45:03	INFO	ImageAnalysis::_summary	
2020-06-16 17:45:03	INFO	ImageAnalysis::_summary+	Image name       : extendedExampleCube_32688_SpectralRebinned.image
2020-06-16 17:45:03	INFO	ImageAnalysis::_summary+	Object name      : extendedExampleCube_32688.alma.cycle6.2_0
2020-06-16 17:45:03	INFO	ImageAnalysis::_summary+	Image type       : PagedImage
2020-06-16 17:45:03	INFO	ImageAnalysis::_summary+	Image quantity   : Intensity
2020-06-16 17:45:03	INFO	ImageAnalysis::_summary+	Pixel mask(s)    : None
2020-06-16 17:45:03	INFO	ImageAnalysis::_summary+	Region(s)        : None
2020-06-16 17:45:03	INFO	ImageAnalysis::_summary+	Image units      : Jy/beam
2020-06-16 17:45:03	INFO	ImageAnalysis::_summary+	Restoring Beam   : 1.15797 arcsec, 0.960766 arcsec, -88.1568 deg
2020-06-16 17:45:03	INFO	ImageAnalysis::_summary	
2020-06-16 17:45:03	INFO	ImageAnalysis::_summary+	Direction reference : J2000
2020-06-16 17:45:03	INFO	ImageAnalysis::_summary+	Spectral  reference : LSRK
2020-06-16 17:45:03	INFO	ImageAnalysis::_summary+	Velocity  type      : RADIO
2020-06-16 17:45:03	INFO	ImageAnalysis::_summary+	Rest frequency      : 2.75101e+11 Hz
2020-06-16 17:45:03	INFO	ImageAnalysis::_summary+	Pointing center     :  03:30:59.181545  -27.46.03.171728
2020-06-16 17:45:03	INFO	ImageAnalysis::_summary+	Telescope           : ALMA
2020-06-16 17:45:03	INFO	ImageAnalysis::_summary+	Observer            : CASA simulator
2020-06-16 17:45:03	INFO	ImageAnalysis::_summary+	Date observation    : 2014/01/01/01:11:00
2020-06-16 17:45:03	INFO	ImageAnalysis::_summary+	Telescope position: [2.22514e+06m, -5.44031e+06m, -2.48103e+06m] (ITRF)
2020-06-16 17:45:03	INFO	ImageAnalysis::_summary+	
2020-06-16 17:45:03	INFO	ImageAnalysis::_summary+	Axis Coord Type      Name             Proj Shape Tile   Coord value at pixel        Coord incr Units
2020-06-16 17:45:03	INFO	ImageAnalysis::_summary+	---------------------------------------------------------------------------------------------------- 
2020-06-16 17:45:03	INFO	ImageAnalysis::_summary+	0    0     Direction Right Ascension   SIN    24   24  03:30:59.182    12.00     -2.500000e-01 arcsec
2020-06-16 17:45:03	INFO	ImageAnalysis::_summary+	1    0     Direction Declination       SIN    24   24 -27.46.03.172    12.00      2.500000e-01 arcsec
2020-06-16 17:45:03	INFO	ImageAnalysis::_summary+	2    1     Stokes    Stokes                    1    1             I
2020-06-16 17:45:03	INFO	ImageAnalysis::_summary+	3    2     Spectral  Frequency               146  146   2.79095e+11     0.00 -2.7529173188e+07 Hz
2020-06-16 17:45:03	INFO	ImageAnalysis::_summary+	                     Velocity                               -4352.1     0.00      3.000000e+01 km/s
2020-06-16 17:45:03	INFO	ImageAnalysis::_summary	
2020-06-16 17:45:03	INFO	ImageAnalysis::_summary+	Image name       : extendedExampleCube_36654_SpectralRebinned.image
2020-06-16 17:45:03	INFO	ImageAnalysis::_summary+	Object name      : 
2020-06-16 17:45:03	INFO	ImageAnalysis::_summary+	Image type       : PagedImage
2020-06-16 17:45:03	INFO	ImageAnalysis::_summary+	Image quantity   : Intensity
2020-06-16 17:45:03	INFO	ImageAnalysis::_summary+	Pixel mask(s)    : None
2020-06-16 17:45:03	INFO	ImageAnalysis::_summary+	Region(s)        : None
2020-06-16 17:45:03	INFO	ImageAnalysis::_summary	
2020-06-16 17:45:03	INFO	ImageAnalysis::_summary+	Direction reference : J2000
2020-06-16 17:45:03	INFO	ImageAnalysis::_summary+	Spectral  reference : LSRK
2020-06-16 17:45:03	INFO	ImageAnalysis::_summary+	Velocity  type      : RADIO
2020-06-16 17:45:03	INFO	ImageAnalysis::_summary+	Rest frequency      : 2.73804e+11 Hz
2020-06-16 17:45:03	INFO	ImageAnalysis::_summary+	Pointing center     :  03:30:52.118334  -27.43.20.183992
2020-06-16 17:45:03	INFO	ImageAnalysis::_summary+	Telescope           : ALMA
2020-06-16 17:45:03	INFO	ImageAnalysis::_summary+	Observer            : CASA simulator
2020-06-16 17:45:03	INFO	ImageAnalysis::_summary+	Date observation    : 2014/01/01/01:10:53
2020-06-16 17:45:03	INFO	ImageAnalysis::_summary+	Telescope position: [2.22514e+06m, -5.44031e+06m, -2.48103e+06m] (ITRF)
2020-06-16 17:45:03	INFO	ImageAnalysis::_summary+	
2020-06-16 17:45:03	INFO	ImageAnalysis::_summary+	Axis Coord Type      Name             Proj Shape Tile   Coord value at pixel         Coord incr Units
2020-06-16 17:45:03	INFO	ImageAnalysis::_summary+	----------------------------------------------------------------------------------------------------- 
2020-06-16 17:45:03	INFO	ImageAnalysis::_summary+	0    0     Direction Right Ascension   SIN    24   24  03:30:52.118    12.00      -2.500000e-01 arcsec
2020-06-16 17:45:03	INFO	ImageAnalysis::_summary+	1    0     Direction Declination       SIN    24   24 -27.43.20.184    12.00       2.500000e-01 arcsec
2020-06-16 17:45:03	INFO	ImageAnalysis::_summary+	2    1     Stokes    Stokes                    1    1             I
2020-06-16 17:45:03	INFO	ImageAnalysis::_summary+	3    2     Spectral  Frequency                28   28   2.77778e+11     0.00 -1.42867866624e+08 Hz
2020-06-16 17:45:03	INFO	ImageAnalysis::_summary+	                     Velocity                              -4352.04     0.00       1.564286e+02 km/s
2020-06-16 17:45:03	INFO	ImageAnalysis::_summary	
2020-06-16 17:45:03	INFO	ImageAnalysis::_summary+	Image name       : extendedExampleCube_36985_SpectralRebinned.image
2020-06-16 17:45:03	INFO	ImageAnalysis::_summary+	Object name      : 
2020-06-16 17:45:03	INFO	ImageAnalysis::_summary+	Image type       : PagedImage
2020-06-16 17:45:03	INFO	ImageAnalysis::_summary+	Image quantity   : Intensity
2020-06-16 17:45:03	INFO	ImageAnalysis::_summary+	Pixel mask(s)    : None
2020-06-16 17:45:03	INFO	ImageAnalysis::_summary+	Region(s)        : None
2020-06-16 17:45:03	INFO	ImageAnalysis::_summary	
2020-06-16 17:45:03	INFO	ImageAnalysis::_summary+	Direction reference : J2000
2020-06-16 17:45:03	INFO	ImageAnalysis::_summary+	Spectral  reference : LSRK
2020-06-16 17:45:03	INFO	ImageAnalysis::_summary+	Velocity  type      : RADIO
2020-06-16 17:45:03	INFO	ImageAnalysis::_summary+	Rest frequency      : 2.73155e+11 Hz
2020-06-16 17:45:03	INFO	ImageAnalysis::_summary+	Pointing center     :  03:30:45.656162  -27.41.07.897915
2020-06-16 17:45:03	INFO	ImageAnalysis::_summary+	Telescope           : ALMA
2020-06-16 17:45:03	INFO	ImageAnalysis::_summary+	Observer            : CASA simulator
2020-06-16 17:45:03	INFO	ImageAnalysis::_summary+	Date observation    : 2014/01/01/01:10:47
2020-06-16 17:45:03	INFO	ImageAnalysis::_summary+	Telescope position: [2.22514e+06m, -5.44031e+06m, -2.48103e+06m] (ITRF)
2020-06-16 17:45:03	INFO	ImageAnalysis::_summary+	
2020-06-16 17:45:03	INFO	ImageAnalysis::_summary+	Axis Coord Type      Name             Proj Shape Tile   Coord value at pixel        Coord incr Units
2020-06-16 17:45:03	INFO	ImageAnalysis::_summary+	---------------------------------------------------------------------------------------------------- 
2020-06-16 17:45:03	INFO	ImageAnalysis::_summary+	0    0     Direction Right Ascension   SIN    24   24  03:30:45.656    12.00     -2.500000e-01 arcsec
2020-06-16 17:45:03	INFO	ImageAnalysis::_summary+	1    0     Direction Declination       SIN    24   24 -27.41.07.898    12.00      2.500000e-01 arcsec
2020-06-16 17:45:03	INFO	ImageAnalysis::_summary+	2    1     Stokes    Stokes                    1    1             I
2020-06-16 17:45:03	INFO	ImageAnalysis::_summary+	3    2     Spectral  Frequency                48   48   2.77147e+11     0.00 -8.3711533505e+07 Hz
2020-06-16 17:45:03	INFO	ImageAnalysis::_summary+	                     Velocity                              -4382.01     0.00      9.187500e+01 km/s
2020-06-16 17:45:03	INFO	ImageAnalysis::_summary	
2020-06-16 17:45:03	INFO	ImageAnalysis::_summary+	Image name       : extendedExampleCube_37425_SpectralRebinned.image
2020-06-16 17:45:03	INFO	ImageAnalysis::_summary+	Object name      : 
2020-06-16 17:45:03	INFO	ImageAnalysis::_summary+	Image type       : PagedImage
2020-06-16 17:45:03	INFO	ImageAnalysis::_summary+	Image quantity   : Intensity
2020-06-16 17:45:03	INFO	ImageAnalysis::_summary+	Pixel mask(s)    : None
2020-06-16 17:45:03	INFO	ImageAnalysis::_summary+	Region(s)        : None
2020-06-16 17:45:03	INFO	ImageAnalysis::_summary	
2020-06-16 17:45:03	INFO	ImageAnalysis::_summary+	Direction reference : J2000
2020-06-16 17:45:03	INFO	ImageAnalysis::_summary+	Spectral  reference : LSRK
2020-06-16 17:45:03	INFO	ImageAnalysis::_summary+	Velocity  type      : RADIO
2020-06-16 17:45:03	INFO	ImageAnalysis::_summary+	Rest frequency      : 2.73363e+11 Hz
2020-06-16 17:45:03	INFO	ImageAnalysis::_summary+	Pointing center     :  03:31:00.282835  -27.39.39.208979
2020-06-16 17:45:03	INFO	ImageAnalysis::_summary+	Telescope           : ALMA
2020-06-16 17:45:03	INFO	ImageAnalysis::_summary+	Observer            : CASA simulator
2020-06-16 17:45:03	INFO	ImageAnalysis::_summary+	Date observation    : 2014/01/01/01:11:01
2020-06-16 17:45:03	INFO	ImageAnalysis::_summary+	Telescope position: [2.22514e+06m, -5.44031e+06m, -2.48103e+06m] (ITRF)
2020-06-16 17:45:03	INFO	ImageAnalysis::_summary+	
2020-06-16 17:45:03	INFO	ImageAnalysis::_summary+	Axis Coord Type      Name             Proj Shape Tile   Coord value at pixel         Coord incr Units
2020-06-16 17:45:03	INFO	ImageAnalysis::_summary+	----------------------------------------------------------------------------------------------------- 
2020-06-16 17:45:03	INFO	ImageAnalysis::_summary+	0    0     Direction Right Ascension   SIN    24   24  03:31:00.283    12.00      -2.500000e-01 arcsec
2020-06-16 17:45:03	INFO	ImageAnalysis::_summary+	1    0     Direction Declination       SIN    24   24 -27.39.39.209    12.00       2.500000e-01 arcsec
2020-06-16 17:45:03	INFO	ImageAnalysis::_summary+	2    1     Stokes    Stokes                    1    1             I
2020-06-16 17:45:03	INFO	ImageAnalysis::_summary+	3    2     Spectral  Frequency                19   19   2.77359e+11     0.00 -2.11643134112e+08 Hz
2020-06-16 17:45:03	INFO	ImageAnalysis::_summary+	                     Velocity                              -4382.02     0.00       2.321053e+02 km/s
2020-06-16 17:45:03	INFO	ImageAnalysis::_summary	
2020-06-16 17:45:03	INFO	ImageAnalysis::_summary+	Image name       : extendedExampleCube_43065_SpectralRebinned.image
2020-06-16 17:45:03	INFO	ImageAnalysis::_summary+	Object name      : 
2020-06-16 17:45:03	INFO	ImageAnalysis::_summary+	Image type       : PagedImage
2020-06-16 17:45:03	INFO	ImageAnalysis::_summary+	Image quantity   : Intensity
2020-06-16 17:45:03	INFO	ImageAnalysis::_summary+	Pixel mask(s)    : None
2020-06-16 17:45:03	INFO	ImageAnalysis::_summary+	Region(s)        : None
2020-06-16 17:45:03	INFO	ImageAnalysis::_summary	
2020-06-16 17:45:03	INFO	ImageAnalysis::_summary+	Direction reference : J2000
2020-06-16 17:45:03	INFO	ImageAnalysis::_summary+	Spectral  reference : LSRK
2020-06-16 17:45:03	INFO	ImageAnalysis::_summary+	Velocity  type      : RADIO
2020-06-16 17:45:03	INFO	ImageAnalysis::_summary+	Rest frequency      : 2.72609e+11 Hz
2020-06-16 17:45:03	INFO	ImageAnalysis::_summary+	Pointing center     :  03:31:32.345735  -27.38.26.316400
2020-06-16 17:45:03	INFO	ImageAnalysis::_summary+	Telescope           : ALMA
2020-06-16 17:45:03	INFO	ImageAnalysis::_summary+	Observer            : CASA simulator
2020-06-16 17:45:03	INFO	ImageAnalysis::_summary+	Date observation    : 2014/01/01/01:11:33
2020-06-16 17:45:03	INFO	ImageAnalysis::_summary+	Telescope position: [2.22514e+06m, -5.44031e+06m, -2.48103e+06m] (ITRF)
2020-06-16 17:45:03	INFO	ImageAnalysis::_summary+	
2020-06-16 17:45:03	INFO	ImageAnalysis::_summary+	Axis Coord Type      Name             Proj Shape Tile   Coord value at pixel        Coord incr Units
2020-06-16 17:45:03	INFO	ImageAnalysis::_summary+	---------------------------------------------------------------------------------------------------- 
2020-06-16 17:45:03	INFO	ImageAnalysis::_summary+	0    0     Direction Right Ascension   SIN    24   24  03:31:32.346    12.00     -2.500000e-01 arcsec
2020-06-16 17:45:03	INFO	ImageAnalysis::_summary+	1    0     Direction Declination       SIN    24   24 -27.38.26.316    12.00      2.500000e-01 arcsec
2020-06-16 17:45:03	INFO	ImageAnalysis::_summary+	2    1     Stokes    Stokes                    1    1             I
2020-06-16 17:45:03	INFO	ImageAnalysis::_summary+	3    2     Spectral  Frequency                60   60   2.76594e+11     0.00 -6.6835456494e+07 Hz
2020-06-16 17:45:03	INFO	ImageAnalysis::_summary+	                     Velocity                              -4381.99     0.00      7.350000e+01 km/s
2020-06-16 17:45:03	INFO	ImageAnalysis::_summary	
2020-06-16 17:45:03	INFO	ImageAnalysis::_summary+	Image name       : extendedExampleCube_45475_SpectralRebinned.image
2020-06-16 17:45:03	INFO	ImageAnalysis::_summary+	Object name      : 
2020-06-16 17:45:03	INFO	ImageAnalysis::_summary+	Image type       : PagedImage
2020-06-16 17:45:03	INFO	ImageAnalysis::_summary+	Image quantity   : Intensity
2020-06-16 17:45:03	INFO	ImageAnalysis::_summary+	Pixel mask(s)    : None
2020-06-16 17:45:03	INFO	ImageAnalysis::_summary+	Region(s)        : None
2020-06-16 17:45:03	INFO	ImageAnalysis::_summary	
2020-06-16 17:45:03	INFO	ImageAnalysis::_summary+	Direction reference : J2000
2020-06-16 17:45:03	INFO	ImageAnalysis::_summary+	Spectral  reference : LSRK
2020-06-16 17:45:03	INFO	ImageAnalysis::_summary+	Velocity  type      : RADIO
2020-06-16 17:45:03	INFO	ImageAnalysis::_summary+	Rest frequency      : 2.73813e+11 Hz
2020-06-16 17:45:03	INFO	ImageAnalysis::_summary+	Pointing center     :  03:30:47.022512  -27.43.18.388112
2020-06-16 17:45:03	INFO	ImageAnalysis::_summary+	Telescope           : ALMA
2020-06-16 17:45:03	INFO	ImageAnalysis::_summary+	Observer            : CASA simulator
2020-06-16 17:45:03	INFO	ImageAnalysis::_summary+	Date observation    : 2014/01/01/01:10:48
2020-06-16 17:45:03	INFO	ImageAnalysis::_summary+	Telescope position: [2.22514e+06m, -5.44031e+06m, -2.48103e+06m] (ITRF)
2020-06-16 17:45:03	INFO	ImageAnalysis::_summary+	
2020-06-16 17:45:03	INFO	ImageAnalysis::_summary+	Axis Coord Type      Name             Proj Shape Tile   Coord value at pixel        Coord incr Units
2020-06-16 17:45:03	INFO	ImageAnalysis::_summary+	---------------------------------------------------------------------------------------------------- 
2020-06-16 17:45:03	INFO	ImageAnalysis::_summary+	0    0     Direction Right Ascension   SIN    24   24  03:30:47.023    12.00     -2.500000e-01 arcsec
2020-06-16 17:45:03	INFO	ImageAnalysis::_summary+	1    0     Direction Declination       SIN    24   24 -27.43.18.388    12.00      2.500000e-01 arcsec
2020-06-16 17:45:03	INFO	ImageAnalysis::_summary+	2    1     Stokes    Stokes                    1    1             I
2020-06-16 17:45:03	INFO	ImageAnalysis::_summary+	3    2     Spectral  Frequency               114  114   2.77788e+11     0.00 -3.5091539797e+07 Hz
2020-06-16 17:45:03	INFO	ImageAnalysis::_summary+	                     Velocity                              -4352.04     0.00      3.842105e+01 km/s
2020-06-16 17:45:03	INFO	ImageAnalysis::_summary	
2020-06-16 17:45:03	INFO	ImageAnalysis::_summary+	Image name       : extendedExampleCube_46708_SpectralRebinned.image
2020-06-16 17:45:03	INFO	ImageAnalysis::_summary+	Object name      : 
2020-06-16 17:45:03	INFO	ImageAnalysis::_summary+	Image type       : PagedImage
2020-06-16 17:45:03	INFO	ImageAnalysis::_summary+	Image quantity   : Intensity
2020-06-16 17:45:03	INFO	ImageAnalysis::_summary+	Pixel mask(s)    : None
2020-06-16 17:45:03	INFO	ImageAnalysis::_summary+	Region(s)        : None
2020-06-16 17:45:03	INFO	ImageAnalysis::_summary	
2020-06-16 17:45:03	INFO	ImageAnalysis::_summary+	Direction reference : J2000
2020-06-16 17:45:03	INFO	ImageAnalysis::_summary+	Spectral  reference : LSRK
2020-06-16 17:45:03	INFO	ImageAnalysis::_summary+	Velocity  type      : RADIO
2020-06-16 17:45:03	INFO	ImageAnalysis::_summary+	Rest frequency      : 2.72851e+11 Hz
2020-06-16 17:45:03	INFO	ImageAnalysis::_summary+	Pointing center     :  03:30:53.641124  -27.43.41.492595
2020-06-16 17:45:03	INFO	ImageAnalysis::_summary+	Telescope           : ALMA
2020-06-16 17:45:03	INFO	ImageAnalysis::_summary+	Observer            : CASA simulator
2020-06-16 17:45:03	INFO	ImageAnalysis::_summary+	Date observation    : 2014/01/01/01:10:55
2020-06-16 17:45:03	INFO	ImageAnalysis::_summary+	Telescope position: [2.22514e+06m, -5.44031e+06m, -2.48103e+06m] (ITRF)
2020-06-16 17:45:03	INFO	ImageAnalysis::_summary+	
2020-06-16 17:45:03	INFO	ImageAnalysis::_summary+	Axis Coord Type      Name             Proj Shape Tile   Coord value at pixel        Coord incr Units
2020-06-16 17:45:03	INFO	ImageAnalysis::_summary+	---------------------------------------------------------------------------------------------------- 
2020-06-16 17:45:03	INFO	ImageAnalysis::_summary+	0    0     Direction Right Ascension   SIN    24   24  03:30:53.641    12.00     -2.500000e-01 arcsec
2020-06-16 17:45:03	INFO	ImageAnalysis::_summary+	1    0     Direction Declination       SIN    24   24 -27.43.41.493    12.00      2.500000e-01 arcsec
2020-06-16 17:45:03	INFO	ImageAnalysis::_summary+	2    1     Stokes    Stokes                    1    1             I
2020-06-16 17:45:03	INFO	ImageAnalysis::_summary+	3    2     Spectral  Frequency               137  137   2.76839e+11     0.00 -2.9296994393e+07 Hz
2020-06-16 17:45:03	INFO	ImageAnalysis::_summary+	                     Velocity                                 -4382     0.00      3.218978e+01 km/s
2020-06-16 17:45:03	INFO	ImageAnalysis::_summary	
2020-06-16 17:45:03	INFO	ImageAnalysis::_summary+	Image name       : extendedExampleCube_49304_SpectralRebinned.image
2020-06-16 17:45:03	INFO	ImageAnalysis::_summary+	Object name      : 
2020-06-16 17:45:03	INFO	ImageAnalysis::_summary+	Image type       : PagedImage
2020-06-16 17:45:03	INFO	ImageAnalysis::_summary+	Image quantity   : Intensity
2020-06-16 17:45:03	INFO	ImageAnalysis::_summary+	Pixel mask(s)    : None
2020-06-16 17:45:03	INFO	ImageAnalysis::_summary+	Region(s)        : None
2020-06-16 17:45:03	INFO	ImageAnalysis::_summary	
2020-06-16 17:45:03	INFO	ImageAnalysis::_summary+	Direction reference : J2000
2020-06-16 17:45:03	INFO	ImageAnalysis::_summary+	Spectral  reference : LSRK
2020-06-16 17:45:03	INFO	ImageAnalysis::_summary+	Velocity  type      : RADIO
2020-06-16 17:45:03	INFO	ImageAnalysis::_summary+	Rest frequency      : 2.72663e+11 Hz
2020-06-16 17:45:03	INFO	ImageAnalysis::_summary+	Pointing center     :  03:30:50.913926  -27.37.05.829901
2020-06-16 17:45:03	INFO	ImageAnalysis::_summary+	Telescope           : ALMA
2020-06-16 17:45:03	INFO	ImageAnalysis::_summary+	Observer            : CASA simulator
2020-06-16 17:45:03	INFO	ImageAnalysis::_summary+	Date observation    : 2014/01/01/01:10:52
2020-06-16 17:45:03	INFO	ImageAnalysis::_summary+	Telescope position: [2.22514e+06m, -5.44031e+06m, -2.48103e+06m] (ITRF)
2020-06-16 17:45:03	INFO	ImageAnalysis::_summary+	
2020-06-16 17:45:03	INFO	ImageAnalysis::_summary+	Axis Coord Type      Name             Proj Shape Tile   Coord value at pixel         Coord incr Units
2020-06-16 17:45:03	INFO	ImageAnalysis::_summary+	----------------------------------------------------------------------------------------------------- 
2020-06-16 17:45:03	INFO	ImageAnalysis::_summary+	0    0     Direction Right Ascension   SIN    24   24  03:30:50.914    12.00      -2.500000e-01 arcsec
2020-06-16 17:45:03	INFO	ImageAnalysis::_summary+	1    0     Direction Declination       SIN    24   24 -27.37.05.830    12.00       2.500000e-01 arcsec
2020-06-16 17:45:03	INFO	ImageAnalysis::_summary+	2    1     Stokes    Stokes                    1    1             I
2020-06-16 17:45:03	INFO	ImageAnalysis::_summary+	3    2     Spectral  Frequency                33   33   2.76648e+11     0.00 -1.21542988400e+08 Hz
2020-06-16 17:45:03	INFO	ImageAnalysis::_summary+	                     Velocity                              -4381.99     0.00       1.336364e+02 km/s
2020-06-16 17:45:03	INFO	ImageAnalysis::_summary	
2020-06-16 17:45:03	INFO	ImageAnalysis::_summary+	Image name       : extendedExampleCube_49860_SpectralRebinned.image
2020-06-16 17:45:03	INFO	ImageAnalysis::_summary+	Object name      : 
2020-06-16 17:45:03	INFO	ImageAnalysis::_summary+	Image type       : PagedImage
2020-06-16 17:45:03	INFO	ImageAnalysis::_summary+	Image quantity   : Intensity
2020-06-16 17:45:03	INFO	ImageAnalysis::_summary+	Pixel mask(s)    : None
2020-06-16 17:45:03	INFO	ImageAnalysis::_summary+	Region(s)        : None
2020-06-16 17:45:03	INFO	ImageAnalysis::_summary	
2020-06-16 17:45:03	INFO	ImageAnalysis::_summary+	Direction reference : J2000
2020-06-16 17:45:03	INFO	ImageAnalysis::_summary+	Spectral  reference : LSRK
2020-06-16 17:45:03	INFO	ImageAnalysis::_summary+	Velocity  type      : RADIO
2020-06-16 17:45:03	INFO	ImageAnalysis::_summary+	Rest frequency      : 2.74842e+11 Hz
2020-06-16 17:45:03	INFO	ImageAnalysis::_summary+	Pointing center     :  03:30:52.802363  -27.39.48.115040
2020-06-16 17:45:03	INFO	ImageAnalysis::_summary+	Telescope           : ALMA
2020-06-16 17:45:03	INFO	ImageAnalysis::_summary+	Observer            : CASA simulator
2020-06-16 17:45:03	INFO	ImageAnalysis::_summary+	Date observation    : 2014/01/01/01:10:54
2020-06-16 17:45:03	INFO	ImageAnalysis::_summary+	Telescope position: [2.22514e+06m, -5.44031e+06m, -2.48103e+06m] (ITRF)
2020-06-16 17:45:03	INFO	ImageAnalysis::_summary+	
2020-06-16 17:45:03	INFO	ImageAnalysis::_summary+	Axis Coord Type      Name             Proj Shape Tile   Coord value at pixel        Coord incr Units
2020-06-16 17:45:03	INFO	ImageAnalysis::_summary+	---------------------------------------------------------------------------------------------------- 
2020-06-16 17:45:03	INFO	ImageAnalysis::_summary+	0    0     Direction Right Ascension   SIN    24   24  03:30:52.802    12.00     -2.500000e-01 arcsec
2020-06-16 17:45:03	INFO	ImageAnalysis::_summary+	1    0     Direction Declination       SIN    24   24 -27.39.48.115    12.00      2.500000e-01 arcsec
2020-06-16 17:45:03	INFO	ImageAnalysis::_summary+	2    1     Stokes    Stokes                    1    1             I
2020-06-16 17:45:03	INFO	ImageAnalysis::_summary+	3    2     Spectral  Frequency                49   49   2.78832e+11     0.00 -8.1948472494e+07 Hz
2020-06-16 17:45:03	INFO	ImageAnalysis::_summary+	                     Velocity                              -4352.09     0.00      8.938776e+01 km/s
2020-06-16 17:45:03	INFO	ImageAnalysis::_summary	
2020-06-16 17:45:03	INFO	ImageAnalysis::_summary+	Image name       : extendedExampleCube_51830_SpectralRebinned.image
2020-06-16 17:45:03	INFO	ImageAnalysis::_summary+	Object name      : 
2020-06-16 17:45:03	INFO	ImageAnalysis::_summary+	Image type       : PagedImage
2020-06-16 17:45:03	INFO	ImageAnalysis::_summary+	Image quantity   : Intensity
2020-06-16 17:45:03	INFO	ImageAnalysis::_summary+	Pixel mask(s)    : None
2020-06-16 17:45:03	INFO	ImageAnalysis::_summary+	Region(s)        : None
2020-06-16 17:45:03	INFO	ImageAnalysis::_summary	
2020-06-16 17:45:03	INFO	ImageAnalysis::_summary+	Direction reference : J2000
2020-06-16 17:45:03	INFO	ImageAnalysis::_summary+	Spectral  reference : LSRK
2020-06-16 17:45:03	INFO	ImageAnalysis::_summary+	Velocity  type      : RADIO
2020-06-16 17:45:03	INFO	ImageAnalysis::_summary+	Rest frequency      : 2.73462e+11 Hz
2020-06-16 17:45:03	INFO	ImageAnalysis::_summary+	Pointing center     :  03:30:57.572416  -27.39.27.470941
2020-06-16 17:45:03	INFO	ImageAnalysis::_summary+	Telescope           : ALMA
2020-06-16 17:45:03	INFO	ImageAnalysis::_summary+	Observer            : CASA simulator
2020-06-16 17:45:03	INFO	ImageAnalysis::_summary+	Date observation    : 2014/01/01/01:10:59
2020-06-16 17:45:03	INFO	ImageAnalysis::_summary+	Telescope position: [2.22514e+06m, -5.44031e+06m, -2.48103e+06m] (ITRF)
2020-06-16 17:45:03	INFO	ImageAnalysis::_summary+	
2020-06-16 17:45:03	INFO	ImageAnalysis::_summary+	Axis Coord Type      Name             Proj Shape Tile   Coord value at pixel        Coord incr Units
2020-06-16 17:45:03	INFO	ImageAnalysis::_summary+	---------------------------------------------------------------------------------------------------- 
2020-06-16 17:45:03	INFO	ImageAnalysis::_summary+	0    0     Direction Right Ascension   SIN    24   24  03:30:57.572    12.00     -2.500000e-01 arcsec
2020-06-16 17:45:03	INFO	ImageAnalysis::_summary+	1    0     Direction Declination       SIN    24   24 -27.39.27.471    12.00      2.500000e-01 arcsec
2020-06-16 17:45:03	INFO	ImageAnalysis::_summary+	2    1     Stokes    Stokes                    1    1             I
2020-06-16 17:45:03	INFO	ImageAnalysis::_summary+	3    2     Spectral  Frequency               116  116   2.77459e+11     0.00 -3.4678218188e+07 Hz
2020-06-16 17:45:03	INFO	ImageAnalysis::_summary+	                     Velocity                              -4382.03     0.00      3.801724e+01 km/s
2020-06-16 17:54:09	INFO	ImageAnalysis::_summary	
2020-06-16 17:54:09	INFO	ImageAnalysis::_summary+	Image name       : extendedExampleCube_31839.image
2020-06-16 17:54:09	INFO	ImageAnalysis::_summary+	Object name      : extendedExampleCube_31839.alma.cycle6.2_0
2020-06-16 17:54:09	INFO	ImageAnalysis::_summary+	Image type       : PagedImage
2020-06-16 17:54:09	INFO	ImageAnalysis::_summary+	Image quantity   : Intensity
2020-06-16 17:54:09	INFO	ImageAnalysis::_summary+	Pixel mask(s)    : mask0
2020-06-16 17:54:09	INFO	ImageAnalysis::_summary+	Region(s)        : None
2020-06-16 17:54:09	INFO	ImageAnalysis::_summary+	Image units      : Jy/beam
2020-06-16 17:54:09	INFO	ImageAnalysis::_summary+	Restoring Beam   : 1.16723 arcsec, 0.968851 arcsec, -88.1677 deg
2020-06-16 17:54:09	INFO	ImageAnalysis::_summary	
2020-06-16 17:54:09	INFO	ImageAnalysis::_summary+	Direction reference : J2000
2020-06-16 17:54:09	INFO	ImageAnalysis::_summary+	Spectral  reference : LSRK
2020-06-16 17:54:09	INFO	ImageAnalysis::_summary+	Velocity  type      : RADIO
2020-06-16 17:54:09	INFO	ImageAnalysis::_summary+	Rest frequency      : 2.72818e+11 Hz
2020-06-16 17:54:09	INFO	ImageAnalysis::_summary+	Pointing center     :  03:30:55.215729  -27.44.56.979221
2020-06-16 17:54:09	INFO	ImageAnalysis::_summary+	Telescope           : ALMA
2020-06-16 17:54:09	INFO	ImageAnalysis::_summary+	Observer            : CASA simulator
2020-06-16 17:54:09	INFO	ImageAnalysis::_summary+	Date observation    : 2014/01/01/01:10:56
2020-06-16 17:54:09	INFO	ImageAnalysis::_summary+	Telescope position: [2.22514e+06m, -5.44031e+06m, -2.48103e+06m] (ITRF)
2020-06-16 17:54:09	INFO	ImageAnalysis::_summary+	
2020-06-16 17:54:09	INFO	ImageAnalysis::_summary+	Axis Coord Type      Name             Proj Shape Tile   Coord value at pixel        Coord incr Units
2020-06-16 17:54:09	INFO	ImageAnalysis::_summary+	---------------------------------------------------------------------------------------------------- 
2020-06-16 17:54:09	INFO	ImageAnalysis::_summary+	0    0     Direction Right Ascension   SIN    24   24  03:30:55.216    12.00     -2.500000e-01 arcsec
2020-06-16 17:54:09	INFO	ImageAnalysis::_summary+	1    0     Direction Declination       SIN    24   24 -27.44.56.979    12.00      2.500000e-01 arcsec
2020-06-16 17:54:09	INFO	ImageAnalysis::_summary+	2    1     Stokes    Stokes                    1    1             I
2020-06-16 17:54:09	INFO	ImageAnalysis::_summary+	3    2     Spectral  Frequency               147  147   2.76805e+11     0.00 -2.7300659031e+07 Hz
2020-06-16 17:54:09	INFO	ImageAnalysis::_summary+	                     Velocity                                 -4382     0.00      3.000000e+01 km/s
